#
# A fatal error has been detected by the Java Runtime Environment:
#
#  SIGSEGV (0xb) at pc=0x00007f44eaf3ca40, pid=18546, tid=0x00007f442a654700
#
# JRE version: OpenJDK Runtime Environment (8.0_242-b06) (build 1.8.0_242-b06)
# Java VM: OpenJDK 64-Bit Server VM GraalVM CE 20.0.0 (25.242-b06-jvmci-20.0-b02 mixed mode linux-amd64 compressed oops)
# Problematic frame:
# C  [libc.so.6+0x15ba40]  __memmove_ssse3_back+0x27f0
#
# Failed to write core dump. Core dumps have been disabled. To enable core dumping, try "ulimit -c unlimited" before starting Java again
#
# If you would like to submit a bug report, please visit:
#   http://bugreport.java.com/bugreport/crash.jsp
# The crash happened outside the Java Virtual Machine in native code.
# See problematic frame for where to report the bug.
#

---------------  T H R E A D  ---------------

Current thread (0x00007f44e5ffe000):  JavaThread "Polyglot-grcuda-1" [_thread_in_native, id=18594, stack(0x00007f442a554000,0x00007f442a655000)]

siginfo: si_signo: 11 (SIGSEGV), si_code: 1 (SEGV_MAPERR), si_addr: 0x00007f44000003e8

Registers:
RAX=0x00007f44e5a0a040, RBX=0x0000000000000008, RCX=0x0000000000000000, RDX=0x00007f44eaf3ca40
RSP=0x00007f442a6526a8, RBP=0x0000000000000001, RSI=0x00007f44000003e8, RDI=0x00007f44e5a0a040
R8 =0x00007f442a65273c, R9 =0x0000000000000000, R10=0x0000000000000002, R11=0x00007f44eaf6e580
R12=0x00007f44e5a0a040, R13=0x00007f44e5500e70, R14=0x00007f44e5501e40, R15=0x0000000000000080
RIP=0x00007f44eaf3ca40, EFLAGS=0x0000000000010287, CSGSFS=0x0000000000000033, ERR=0x0000000000000004
  TRAPNO=0x000000000000000e

Top of Stack: (sp=0x00007f442a6526a8)
0x00007f442a6526a8:   00007f4432560437 00007f44e5501e40
0x00007f442a6526b8:   00007f44e5501e40 0000000000000001
0x00007f442a6526c8:   0000000000000001 0000000000000008
0x00007f442a6526d8:   00007f4432560636 0000000000000000
0x00007f442a6526e8:   0000000000000000 00007f44e5a0a040
0x00007f442a6526f8:   00007f442a65273c 00007f44e5501e40
0x00007f442a652708:   00007f44e4e19390 0000000000000001
0x00007f442a652718:   00007f443247afbf 0000000000000000
0x00007f442a652728:   0000000000000000 00007f44e58ce920
0x00007f442a652738:   0000000000000000 00007f44e4e19390
0x00007f442a652748:   00007f44e4e19390 0000000000000000
0x00007f442a652758:   00007f44e5501e40 0000000000000008
0x00007f442a652768:   0000000000000001 0000000000000001
0x00007f442a652778:   0000000000000080 0000000000000001
0x00007f442a652788:   00007f443247b3db 00007f4400000001
0x00007f442a652798:   00007f4400000001 00007f4400000000
0x00007f442a6527a8:   00007f44e58ce920 00007f44e5500e70
0x00007f442a6527b8:   0000000000000000 0000000000000000
0x00007f442a6527c8:   00007f442a6527e0 00007f442a652838
0x00007f442a6527d8:   00007f44d5007d80 000000071f7b9318
0x00007f442a6527e8:   00000005cd4bf9f0 00007f440c001390
0x00007f442a6527f8:   00007f442a6527f8 00007f44e4e19390
0x00007f442a652808:   00007f442a652860 00007f44e4e19390
0x00007f442a652818:   0000000000000000 00007f44e58ce920
0x00007f442a652828:   0000000000000000 00007f442a652848
0x00007f442a652838:   00007f442a6528a8 00007f44d5007d80
0x00007f442a652848:   000000071f7b9318 00000005cd4bf9f0
0x00007f442a652858:   000000071f4311f0 000000071f7b93c8
0x00007f442a652868:   00007f442a652868 00007f446096e7e7
0x00007f442a652878:   00007f44d1e64480 0000000000000000
0x00007f442a652888:   00007f44e5501e40 0000000000000008
0x00007f442a652898:   0000000000000001 00007f4408001b80 

Instructions: (pc=0x00007f44eaf3ca40)
0x00007f44eaf3ca20:   18 f3 0f 7f 47 18 f2 0f f0 46 08 f2 0f f0 0e f3
0x00007f44eaf3ca30:   0f 7f 47 08 f3 0f 7f 0f c3 0f 1f 80 00 00 00 00
0x00007f44eaf3ca40:   48 8b 16 48 89 17 c3 66 0f 1f 84 00 00 00 00 00
0x00007f44eaf3ca50:   f2 0f f0 46 77 f3 0f 7f 47 77 f2 0f f0 46 67 f3 

Register to memory mapping:

RAX=0x00007f44e5a0a040 is an unknown value
RBX=0x0000000000000008 is an unknown value
RCX=0x0000000000000000 is an unknown value
RDX=0x00007f44eaf3ca40: <offset 0x15ba40> in /lib64/libc.so.6 at 0x00007f44eade1000
RSP=0x00007f442a6526a8 is pointing into the stack for thread: 0x00007f44e5ffe000
RBP=0x0000000000000001 is an unknown value
RSI=0x00007f44000003e8 is an unknown value
RDI=0x00007f44e5a0a040 is an unknown value
R8 =0x00007f442a65273c is pointing into the stack for thread: 0x00007f44e5ffe000
R9 =0x0000000000000000 is an unknown value
R10=0x0000000000000002 is an unknown value
R11=0x00007f44eaf6e580: <offset 0x18d580> in /lib64/libc.so.6 at 0x00007f44eade1000
R12=0x00007f44e5a0a040 is an unknown value
R13=0x00007f44e5500e70 is an unknown value
R14=0x00007f44e5501e40 is an unknown value
R15=0x0000000000000080 is an unknown value


Stack: [0x00007f442a554000,0x00007f442a655000],  sp=0x00007f442a6526a8,  free space=1017k
Native frames: (J=compiled Java code, j=interpreted, Vv=VM code, C=native code)
C  [libc.so.6+0x15ba40]  __memmove_ssse3_back+0x27f0

Java frames: (J=compiled Java code, j=interpreted, Vv=VM code)
j  com.oracle.truffle.nfi.impl.NFIContext.executePrimitive(JJJ[BI[I[Ljava/lang/Object;)J+0
j  com.oracle.truffle.nfi.impl.NFIContext.executePrimitive(JJ[BI[I[Ljava/lang/Object;)J+14
j  com.oracle.truffle.nfi.impl.LibFFISignature.execute(Lcom/oracle/truffle/nfi/impl/NFIContext;JLcom/oracle/truffle/nfi/impl/NativeArgumentBuffer$Array;)Ljava/lang/Object;+110
j  com.oracle.truffle.nfi.impl.FunctionExecuteNode$SlowPathExecuteNode.slowPathExecute(Lcom/oracle/truffle/nfi/impl/NFIContext;Lcom/oracle/truffle/nfi/impl/LibFFISignature;JLcom/oracle/truffle/nfi/impl/NativeArgumentBuffer$Array;)Ljava/lang/Object;+5
j  com.oracle.truffle.nfi.impl.FunctionExecuteNode$SlowPathExecuteNode.execute(Lcom/oracle/truffle/api/frame/VirtualFrame;)Ljava/lang/Object;+74
J 4039 JVMCI-native org.graalvm.compiler.truffle.runtime.OptimizedCallTarget.callRoot([Ljava/lang/Object;)Ljava/lang/Object; (48 bytes) @ 0x00007f44d6369c7d [0x00007f44d6369b40+0x13d]
j  org.graalvm.compiler.truffle.runtime.OptimizedCallTarget.callBoundary([Ljava/lang/Object;)Ljava/lang/Object;+15
J 4435 C1 org.graalvm.compiler.truffle.runtime.OptimizedCallTarget.callIndirect(Lcom/oracle/truffle/api/nodes/Node;[Ljava/lang/Object;)Ljava/lang/Object; (59 bytes) @ 0x00007f44d65227dc [0x00007f44d6521a00+0xddc]
j  org.graalvm.compiler.truffle.runtime.OptimizedIndirectCallNode$1.call(Lcom/oracle/truffle/api/CallTarget;[Ljava/lang/Object;)Ljava/lang/Object;+11
j  com.oracle.truffle.nfi.impl.FunctionExecuteNode.genericExecute(Lcom/oracle/truffle/nfi/impl/NativePointer;Lcom/oracle/truffle/nfi/impl/LibFFISignature;[Ljava/lang/Object;Lcom/oracle/truffle/nfi/impl/NativeArgumentLibrary;Lcom/oracle/truffle/nfi/impl/NFILanguageImpl;)Ljava/lang/Object;+125
j  com.oracle.truffle.nfi.impl.FunctionExecuteNodeGen$Uncached.execute(Lcom/oracle/truffle/nfi/impl/NativePointer;Lcom/oracle/truffle/nfi/impl/LibFFISignature;[Ljava/lang/Object;)Ljava/lang/Object;+22
j  com.oracle.truffle.nfi.impl.NativePointer.call(Ljava/lang/Object;[Ljava/lang/Object;Lcom/oracle/truffle/nfi/impl/FunctionExecuteNode;)Ljava/lang/Object;+29
j  com.oracle.truffle.nfi.impl.NativePointerGen$NativeSymbolLibraryExports$Uncached.call(Ljava/lang/Object;Ljava/lang/Object;[Ljava/lang/Object;)Ljava/lang/Object;+37
j  com.oracle.truffle.nfi.NFISymbol.execute([Ljava/lang/Object;Lcom/oracle/truffle/nfi/spi/NativeSymbolLibrary;Lcom/oracle/truffle/api/profiles/BranchProfile;)Ljava/lang/Object;+17
j  com.oracle.truffle.nfi.NFISymbolGen$InteropLibraryExports$Uncached.execute(Ljava/lang/Object;[Ljava/lang/Object;)Ljava/lang/Object;+47
j  com.oracle.truffle.api.interop.InteropLibraryGen$UncachedDispatch.execute(Ljava/lang/Object;[Ljava/lang/Object;)Ljava/lang/Object;+12
j  com.nvidia.grcuda.gpu.CUDARuntime.cuLaunchKernel(Lcom/nvidia/grcuda/gpu/Kernel;Lcom/nvidia/grcuda/gpu/KernelConfig;Lcom/nvidia/grcuda/gpu/KernelArguments;)V+152
j  com.nvidia.grcuda.gpu.KernelExecution.executeInner()V+22
j  com.nvidia.grcuda.gpu.GrCUDAComputationalElement.execute()V+5
j  com.nvidia.grcuda.gpu.GrCUDAExecutionContext$ComputationThread.run()V+38
j  java.util.concurrent.Executors$RunnableAdapter.call()Ljava/lang/Object;+4
j  java.util.concurrent.FutureTask.run()V+42
j  java.util.concurrent.ThreadPoolExecutor.runWorker(Ljava/util/concurrent/ThreadPoolExecutor$Worker;)V+95
j  java.util.concurrent.ThreadPoolExecutor$Worker.run()V+5
j  java.lang.Thread.run()V+11
j  com.oracle.truffle.polyglot.PolyglotThread.run()V+28
v  ~StubRoutines::call_stub

---------------  P R O C E S S  ---------------

Java Threads: ( => current thread )
=>0x00007f44e5ffe000 JavaThread "Polyglot-grcuda-1" [_thread_in_native, id=18594, stack(0x00007f442a554000,0x00007f442a655000)]
  0x00007f44e54f0800 JavaThread "Polyglot-grcuda-0" [_thread_blocked, id=18593, stack(0x00007f44300cc000,0x00007f44301cd000)]
  0x00007f44e4dbc000 JavaThread "nfi-gc" daemon [_thread_blocked, id=18572, stack(0x00007f444000c000,0x00007f444010d000)]
  0x00007f44e4d43000 JavaThread "pool-2-thread-1" daemon [_thread_blocked, id=18569, stack(0x00007f44433fe000,0x00007f44434ff000)]
  0x00007f44e4b91000 JavaThread "pool-1-thread-1" daemon [_thread_blocked, id=18568, stack(0x00007f44436ff000,0x00007f4443800000)]
  0x00007f44e4542800 JavaThread "TruffleCompilerThread-15" daemon [_thread_blocked, id=18567, stack(0x00007f445d4ff000,0x00007f445d600000)]
  0x00007f447c077000 JavaThread "HotSpotGraalManagement Bean Registration" daemon [_thread_blocked, id=18566, stack(0x00007f44b82ff000,0x00007f44b8400000)]
  0x00007f44e40d2800 JavaThread "Service Thread" daemon [_thread_blocked, id=18564, stack(0x00007f44bb1f6000,0x00007f44bb2f7000)]
  0x00007f44e40cd800 JavaThread "C1 CompilerThread3" daemon [_thread_in_native, id=18563, stack(0x00007f44bb2f8000,0x00007f44bb4f8000)]
  0x00007f44e40cb000 JavaThread "JVMCI-native CompilerThread2" daemon [_thread_in_vm, id=18562, stack(0x00007f44bb4f9000,0x00007f44bb6f9000)]
  0x00007f44e40c9800 JavaThread "JVMCI-native CompilerThread1" daemon [_thread_in_vm, id=18561, stack(0x00007f44bb6fa000,0x00007f44bb8fa000)]
  0x00007f44e40c6800 JavaThread "JVMCI-native CompilerThread0" daemon [_thread_in_native, id=18560, stack(0x00007f44bb8fb000,0x00007f44bbafb000)]
  0x00007f44e40c4800 JavaThread "Signal Dispatcher" daemon [_thread_blocked, id=18559, stack(0x00007f44bbafb000,0x00007f44bbbfc000)]
  0x00007f44e4091800 JavaThread "Finalizer" daemon [_thread_blocked, id=18558, stack(0x00007f44bbbfc000,0x00007f44bbcfd000)]
  0x00007f44e408d000 JavaThread "Reference Handler" daemon [_thread_blocked, id=18557, stack(0x00007f44bbcfd000,0x00007f44bbdfe000)]
  0x00007f44e400b800 JavaThread "main" [_thread_blocked, id=18547, stack(0x00007f44eb8db000,0x00007f44eb9db000)]

Other Threads:
  0x00007f44e4085000 VMThread [stack: 0x00007f44bbdff000,0x00007f44bbeff000] [id=18556]
  0x00007f44e40d7000 WatcherThread [stack: 0x00007f44bb0f6000,0x00007f44bb1f6000] [id=18565]

VM state:not at safepoint (normal execution)

VM Mutex/Monitor currently owned by a thread:  ([mutex/lock_event])
[0x00007f44e40073a0] CodeCache_lock - owner thread: 0x00007f44e40c9800
[0x00007f44e4008a20] Compile_lock - owner thread: 0x00007f44e40c9800
[0x00007f44e4008b20] MethodCompileQueue_lock - owner thread: 0x00007f44e40c9800

heap address: 0x00000005ccc00000, size: 7988 MB, Compressed Oops mode: Zero based, Oop shift amount: 3
Narrow klass base: 0x0000000000000000, Narrow klass shift: 3
Compressed class space size: 1073741824 Address: 0x00000007c0000000

Heap:
 PSYoungGen      total 149504K, used 117939K [0x0000000719980000, 0x0000000725480000, 0x00000007c0000000)
  eden space 128512K, 75% used [0x0000000719980000,0x000000071f830780,0x0000000721700000)
  from space 20992K, 99% used [0x0000000721700000,0x0000000722b7c5a0,0x0000000722b80000)
  to   space 20992K, 0% used [0x0000000724000000,0x0000000724000000,0x0000000725480000)
 ParOldGen       total 438272K, used 20442K [0x00000005ccc00000, 0x00000005e7800000, 0x0000000719980000)
  object space 438272K, 4% used [0x00000005ccc00000,0x00000005cdff6a60,0x00000005e7800000)
 Metaspace       used 45063K, capacity 45678K, committed 46336K, reserved 1089536K
  class space    used 6126K, capacity 6346K, committed 6400K, reserved 1048576K

Card table byte_map: [0x00007f44d4065000,0x00007f44d5000000] byte_map_base: 0x00007f44d11ff000

Marking Bits: (ParMarkBitMap*) 0x00007f44eadc40c0
 Begin Bits: [0x00007f449c660000, 0x00007f44a4330000)
 End Bits:   [0x00007f44a4330000, 0x00007f44ac000000)

Polling page: 0x00007f44eba04000

CodeCache: size=245760Kb used=23292Kb max_used=23293Kb free=222467Kb
 bounds [0x00007f44d5000000, 0x00007f44d66d0000, 0x00007f44e4000000]
 total_blobs=4695 nmethods=4153 adapters=455
 compilation: enabled

Compilation events (10 events):
Event: 4.148 Thread 0x00007f44e40cb000 4875       4       sun.misc.URLClassPath$JarLoader$2::getCodeSigners (8 bytes)
Event: 4.148 Thread 0x00007f44e40c6800 4876       4       sun.misc.URLClassPath$JarLoader$2::getCodeSourceURL (8 bytes)
Event: 4.149 Thread 0x00007f44e40c6800 nmethod 4876 0x00007f44d66c34d0 code [0x00007f44d66c3620, 0x00007f44d66c3680]
Event: 4.149 Thread 0x00007f44e40cd800 4877       3       java.lang.invoke.MethodType::changeReturnType (20 bytes)
Event: 4.150 Thread 0x00007f44e40cd800 nmethod 4877 0x00007f44d66c3010 code [0x00007f44d66c3180, 0x00007f44d66c3388]
Event: 4.150 Thread 0x00007f44e40cd800 4879       3       com.oracle.graal.python.runtime.PythonOptions::getAttributeAccessInlineCacheMaxDepth (16 bytes)
Event: 4.150 Thread 0x00007f44e40c9800 4882       4       java.lang.ThreadLocal$ThreadLocalMap::set (136 bytes)
Event: 4.150 Thread 0x00007f44e40c6800 4883   !   4       com.oracle.graal.python.parser.antlr.Python3Parser::expr (256 bytes)
Event: 4.150 Thread 0x00007f44e40cd800 nmethod 4879 0x00007f44d66c4d10 code [0x00007f44d66c4f00, 0x00007f44d66c5a98]
Event: 4.150 Thread 0x00007f44e40cd800 4885       3       jdk.internal.org.objectweb.asm.MethodWriter::visitMaxs (1159 bytes)

GC Heap History (10 events):
Event: 0.637 GC heap before
{Heap before GC invocations=1 (full 0):
 PSYoungGen      total 149504K, used 82250K [0x0000000719980000, 0x0000000724000000, 0x00000007c0000000)
  eden space 128512K, 64% used [0x0000000719980000,0x000000071e9d28e8,0x0000000721700000)
  from space 20992K, 0% used [0x0000000722b80000,0x0000000722b80000,0x0000000724000000)
  to   space 20992K, 0% used [0x0000000721700000,0x0000000721700000,0x0000000722b80000)
 ParOldGen       total 341504K, used 0K [0x00000005ccc00000, 0x00000005e1980000, 0x0000000719980000)
  object space 341504K, 0% used [0x00000005ccc00000,0x00000005ccc00000,0x00000005e1980000)
 Metaspace       used 20716K, capacity 21052K, committed 21296K, reserved 1067008K
  class space    used 2817K, capacity 2943K, committed 2944K, reserved 1048576K
Event: 0.642 GC heap after
Heap after GC invocations=1 (full 0):
 PSYoungGen      total 149504K, used 5505K [0x0000000719980000, 0x0000000724000000, 0x00000007c0000000)
  eden space 128512K, 0% used [0x0000000719980000,0x0000000719980000,0x0000000721700000)
  from space 20992K, 26% used [0x0000000721700000,0x0000000721c60560,0x0000000722b80000)
  to   space 20992K, 0% used [0x0000000722b80000,0x0000000722b80000,0x0000000724000000)
 ParOldGen       total 341504K, used 16K [0x00000005ccc00000, 0x00000005e1980000, 0x0000000719980000)
  object space 341504K, 0% used [0x00000005ccc00000,0x00000005ccc04000,0x00000005e1980000)
 Metaspace       used 20716K, capacity 21052K, committed 21296K, reserved 1067008K
  class space    used 2817K, capacity 2943K, committed 2944K, reserved 1048576K
}
Event: 0.642 GC heap before
{Heap before GC invocations=2 (full 1):
 PSYoungGen      total 149504K, used 5505K [0x0000000719980000, 0x0000000724000000, 0x00000007c0000000)
  eden space 128512K, 0% used [0x0000000719980000,0x0000000719980000,0x0000000721700000)
  from space 20992K, 26% used [0x0000000721700000,0x0000000721c60560,0x0000000722b80000)
  to   space 20992K, 0% used [0x0000000722b80000,0x0000000722b80000,0x0000000724000000)
 ParOldGen       total 341504K, used 16K [0x00000005ccc00000, 0x00000005e1980000, 0x0000000719980000)
  object space 341504K, 0% used [0x00000005ccc00000,0x00000005ccc04000,0x00000005e1980000)
 Metaspace       used 20716K, capacity 21052K, committed 21296K, reserved 1067008K
  class space    used 2817K, capacity 2943K, committed 2944K, reserved 1048576K
Event: 0.659 GC heap after
Heap after GC invocations=2 (full 1):
 PSYoungGen      total 149504K, used 0K [0x0000000719980000, 0x0000000724000000, 0x00000007c0000000)
  eden space 128512K, 0% used [0x0000000719980000,0x0000000719980000,0x0000000721700000)
  from space 20992K, 0% used [0x0000000721700000,0x0000000721700000,0x0000000722b80000)
  to   space 20992K, 0% used [0x0000000722b80000,0x0000000722b80000,0x0000000724000000)
 ParOldGen       total 233984K, used 5312K [0x00000005ccc00000, 0x00000005db080000, 0x0000000719980000)
  object space 233984K, 2% used [0x00000005ccc00000,0x00000005cd1302c0,0x00000005db080000)
 Metaspace       used 20716K, capacity 21052K, committed 21296K, reserved 1067008K
  class space    used 2817K, capacity 2943K, committed 2944K, reserved 1048576K
}
Event: 1.358 GC heap before
{Heap before GC invocations=3 (full 1):
 PSYoungGen      total 149504K, used 90731K [0x0000000719980000, 0x0000000724000000, 0x00000007c0000000)
  eden space 128512K, 70% used [0x0000000719980000,0x000000071f21ae20,0x0000000721700000)
  from space 20992K, 0% used [0x0000000721700000,0x0000000721700000,0x0000000722b80000)
  to   space 20992K, 0% used [0x0000000722b80000,0x0000000722b80000,0x0000000724000000)
 ParOldGen       total 233984K, used 5312K [0x00000005ccc00000, 0x00000005db080000, 0x0000000719980000)
  object space 233984K, 2% used [0x00000005ccc00000,0x00000005cd1302c0,0x00000005db080000)
 Metaspace       used 34703K, capacity 35152K, committed 35456K, reserved 1079296K
  class space    used 5321K, capacity 5495K, committed 5504K, reserved 1048576K
Event: 1.363 GC heap after
Heap after GC invocations=3 (full 1):
 PSYoungGen      total 149504K, used 7134K [0x0000000719980000, 0x0000000725b80000, 0x00000007c0000000)
  eden space 128512K, 0% used [0x0000000719980000,0x0000000719980000,0x0000000721700000)
  from space 20992K, 33% used [0x0000000722b80000,0x0000000723277928,0x0000000724000000)
  to   space 20992K, 0% used [0x0000000721700000,0x0000000721700000,0x0000000722b80000)
 ParOldGen       total 233984K, used 5320K [0x00000005ccc00000, 0x00000005db080000, 0x0000000719980000)
  object space 233984K, 2% used [0x00000005ccc00000,0x00000005cd1322c0,0x00000005db080000)
 Metaspace       used 34703K, capacity 35152K, committed 35456K, reserved 1079296K
  class space    used 5321K, capacity 5495K, committed 5504K, reserved 1048576K
}
Event: 1.363 GC heap before
{Heap before GC invocations=4 (full 2):
 PSYoungGen      total 149504K, used 7134K [0x0000000719980000, 0x0000000725b80000, 0x00000007c0000000)
  eden space 128512K, 0% used [0x0000000719980000,0x0000000719980000,0x0000000721700000)
  from space 20992K, 33% used [0x0000000722b80000,0x0000000723277928,0x0000000724000000)
  to   space 20992K, 0% used [0x0000000721700000,0x0000000721700000,0x0000000722b80000)
 ParOldGen       total 233984K, used 5320K [0x00000005ccc00000, 0x00000005db080000, 0x0000000719980000)
  object space 233984K, 2% used [0x00000005ccc00000,0x00000005cd1322c0,0x00000005db080000)
 Metaspace       used 34703K, capacity 35152K, committed 35456K, reserved 1079296K
  class space    used 5321K, capacity 5495K, committed 5504K, reserved 1048576K
Event: 1.417 GC heap after
Heap after GC invocations=4 (full 2):
 PSYoungGen      total 149504K, used 0K [0x0000000719980000, 0x0000000725b80000, 0x00000007c0000000)
  eden space 128512K, 0% used [0x0000000719980000,0x0000000719980000,0x0000000721700000)
  from space 20992K, 0% used [0x0000000722b80000,0x0000000722b80000,0x0000000724000000)
  to   space 20992K, 0% used [0x0000000721700000,0x0000000721700000,0x0000000722b80000)
 ParOldGen       total 438272K, used 11738K [0x00000005ccc00000, 0x00000005e7800000, 0x0000000719980000)
  object space 438272K, 2% used [0x00000005ccc00000,0x00000005cd776a50,0x00000005e7800000)
 Metaspace       used 34703K, capacity 35152K, committed 35456K, reserved 1079296K
  class space    used 5321K, capacity 5495K, committed 5504K, reserved 1048576K
}
Event: 2.662 GC heap before
{Heap before GC invocations=5 (full 2):
 PSYoungGen      total 149504K, used 128512K [0x0000000719980000, 0x0000000725b80000, 0x00000007c0000000)
  eden space 128512K, 100% used [0x0000000719980000,0x0000000721700000,0x0000000721700000)
  from space 20992K, 0% used [0x0000000722b80000,0x0000000722b80000,0x0000000724000000)
  to   space 20992K, 0% used [0x0000000721700000,0x0000000721700000,0x0000000722b80000)
 ParOldGen       total 438272K, used 11738K [0x00000005ccc00000, 0x00000005e7800000, 0x0000000719980000)
  object space 438272K, 2% used [0x00000005ccc00000,0x00000005cd776a50,0x00000005e7800000)
 Metaspace       used 40453K, capacity 41036K, committed 41472K, reserved 1085440K
  class space    used 5639K, capacity 5827K, committed 5888K, reserved 1048576K
Event: 2.679 GC heap after
Heap after GC invocations=5 (full 2):
 PSYoungGen      total 149504K, used 20977K [0x0000000719980000, 0x0000000725480000, 0x00000007c0000000)
  eden space 128512K, 0% used [0x0000000719980000,0x0000000719980000,0x0000000721700000)
  from space 20992K, 99% used [0x0000000721700000,0x0000000722b7c5a0,0x0000000722b80000)
  to   space 20992K, 0% used [0x0000000724000000,0x0000000724000000,0x0000000725480000)
 ParOldGen       total 438272K, used 20442K [0x00000005ccc00000, 0x00000005e7800000, 0x0000000719980000)
  object space 438272K, 4% used [0x00000005ccc00000,0x00000005cdff6a60,0x00000005e7800000)
 Metaspace       used 40453K, capacity 41036K, committed 41472K, reserved 1085440K
  class space    used 5639K, capacity 5827K, committed 5888K, reserved 1048576K
}

Class unloading (0 events):
No events

Deoptimization events (10 events):
Event: 3.581 Thread 0x00007f44e400b800 Uncommon trap: reason=null_assert_or_unreached0 action=reinterpret pc=0x00007f44d59d9a74 method=com.oracle.truffle.polyglot.PolyglotContextImpl.getLanguageContextImpl(Ljava/lang/Class;)Lcom/oracle/truffle/polyglot/PolyglotLanguageContext; @ 4
Event: 3.867 Thread 0x00007f44e400b800 Uncommon trap: reason=intrinsic_or_type_checked_inlining action=reinterpret pc=0x00007f44d667b490 method=com.oracle.graal.python.nodes.attributes.ReadAttributeFromObjectNodeGen$ReadAttributeFromObjectNotTypeNodeGen.execute(Ljava/lang/Object;Ljava/lang/Obj
Event: 3.876 Thread 0x00007f44e400b800 Uncommon trap: reason=null_assert_or_unreached0 action=reinterpret pc=0x00007f44d5bf8bf1 method=org.antlr.v4.runtime.atn.ParserATNSimulator.computeReachSet(Lorg/antlr/v4/runtime/atn/ATNConfigSet;IZ)Lorg/antlr/v4/runtime/atn/ATNConfigSet; @ 207
Event: 4.142 Thread 0x00007f44e400b800 Uncommon trap: reason=null_assert_or_unreached0 action=reinterpret pc=0x00007f44d5f35c11 method=com.oracle.truffle.api.library.LibraryFactory.create(Ljava/lang/Object;)Lcom/oracle/truffle/api/library/Library; @ 93
Event: 4.149 Thread 0x00007f44e54f0800 Uncommon trap: reason=intrinsic_or_type_checked_inlining action=reinterpret pc=0x00007f44d54a135f method=java.util.WeakHashMap.put(Ljava/lang/Object;Ljava/lang/Object;)Ljava/lang/Object; @ 0
Event: 4.149 Thread 0x00007f44e54f0800 Uncommon trap: reason=intrinsic_or_type_checked_inlining action=reinterpret pc=0x00007f44d552ceb8 method=java.util.WeakHashMap.hash(Ljava/lang/Object;)I @ 0
Event: 4.149 Thread 0x00007f44e400b800 Uncommon trap: reason=null_assert_or_unreached0 action=reinterpret pc=0x00007f44d5bf5ad6 method=org.graalvm.compiler.truffle.runtime.OptimizedAssumption.isValid()Z @ 4
Event: 4.149 Thread 0x00007f44e400b800 Uncommon trap: reason=null_assert_or_unreached0 action=reinterpret pc=0x00007f44d5f5144e method=org.graalvm.compiler.truffle.runtime.OptimizedAssumption.isValid()Z @ 4
Event: 4.149 Thread 0x00007f44e400b800 Uncommon trap: reason=null_assert_or_unreached0 action=reinterpret pc=0x00007f44d5f89c2d method=org.graalvm.compiler.truffle.runtime.OptimizedAssumption.isValid()Z @ 4
Event: 4.150 Thread 0x00007f44e400b800 Uncommon trap: reason=null_assert_or_unreached0 action=reinterpret pc=0x00007f44d5d0c249 method=org.graalvm.compiler.truffle.runtime.OptimizedAssumption.isValid()Z @ 4

Classes redefined (0 events):
No events

Internal exceptions (10 events):
Event: 3.329 Thread 0x00007f44e400b800 Exception <a 'sun/nio/fs/UnixException'> (0x000000071db9fa58) thrown at [/b/b/e/main/graal-jvmci-8/src/share/vm/prims/jni.cpp, line 714]
Event: 3.372 Thread 0x00007f44e400b800 Exception <a 'sun/nio/fs/UnixException'> (0x000000071e29e930) thrown at [/b/b/e/main/graal-jvmci-8/src/share/vm/prims/jni.cpp, line 714]
Event: 3.373 Thread 0x00007f44e400b800 Exception <a 'sun/nio/fs/UnixException'> (0x000000071e2a2d00) thrown at [/b/b/e/main/graal-jvmci-8/src/share/vm/prims/jni.cpp, line 714]
Event: 3.409 Thread 0x00007f44e400b800 Exception <a 'sun/nio/fs/UnixException'> (0x000000071e4f6040) thrown at [/b/b/e/main/graal-jvmci-8/src/share/vm/prims/jni.cpp, line 714]
Event: 3.455 Thread 0x00007f44e400b800 Implicit null exception at 0x00007f44d510c1bc to 0x00007f44d504932c
Event: 3.455 Thread 0x00007f44e400b800 Exception <a 'sun/nio/fs/UnixException'> (0x000000071e7af2e0) thrown at [/b/b/e/main/graal-jvmci-8/src/share/vm/prims/jni.cpp, line 714]
Event: 3.468 Thread 0x00007f44e400b800 Exception <a 'sun/nio/fs/UnixException'> (0x000000071e852e78) thrown at [/b/b/e/main/graal-jvmci-8/src/share/vm/prims/jni.cpp, line 714]
Event: 3.520 Thread 0x00007f44e400b800 Implicit null exception at 0x00007f44d57ba972 to 0x00007f44d504932c
Event: 3.520 Thread 0x00007f44e400b800 Implicit null exception at 0x00007f44d569953a to 0x00007f44d504932c
Event: 3.579 Thread 0x00007f44e400b800 Implicit null exception at 0x00007f44d580e552 to 0x00007f44d504932c

Events (10 events):
Event: 4.149 Thread 0x00007f44e400b800 Uncommon trap: trap_request=0xffffffed fr.pc=0x00007f44d5f89c2d relative=0x00000000000002ed
Event: 4.149 Thread 0x00007f44e400b800 DEOPT PACKING pc=0x00007f44d5f89c2d sp=0x00007f44eb9d67d0
Event: 4.149 Thread 0x00007f44e400b800 DEOPT UNPACKING pc=0x00007f44d5049599 sp=0x00007f44eb9d62c8 mode 3
Event: 4.149 Thread 0x00007f44e400b800 Uncommon trap: trap_request=0xffffffed fr.pc=0x00007f44d5d0c249 relative=0x0000000000000289
Event: 4.150 Thread 0x00007f44e400b800 DEOPT PACKING pc=0x00007f44d5d0c249 sp=0x00007f44eb9d8250
Event: 4.150 Thread 0x00007f44e400b800 DEOPT UNPACKING pc=0x00007f44d5049599 sp=0x00007f44eb9d7d48 mode 3
Event: 4.150 Executing VM operation: RevokeBias
Event: 4.151 Executing VM operation: RevokeBias done
Event: 4.153 loading class com/nvidia/grcuda/gpu/ExecutionDAG$DAGEdge
Event: 4.153 loading class com/nvidia/grcuda/gpu/ExecutionDAG$DAGEdge done


Dynamic libraries:
00400000-00401000 r-xp 00000000 08:03 75369845                           /home/users/alberto.parravicini/Documents/graalvm-ce-java8-20.0.0/bin/java
00600000-00601000 r--p 00000000 08:03 75369845                           /home/users/alberto.parravicini/Documents/graalvm-ce-java8-20.0.0/bin/java
00601000-00602000 rw-p 00001000 08:03 75369845                           /home/users/alberto.parravicini/Documents/graalvm-ce-java8-20.0.0/bin/java
013f6000-01417000 rw-p 00000000 00:00 0                                  [heap]
200000000-202780000 ---p 00000000 00:00 0 
202780000-202880000 rw-s 202780000 00:05 31285                           /dev/nvidia-uvm
202880000-400000000 ---p 00000000 00:00 0 
5ccc00000-5e7800000 rw-p 00000000 00:00 0 
5e7800000-719980000 ---p 00000000 00:00 0 
719980000-725480000 rw-p 00000000 00:00 0 
725480000-7c0000000 ---p 00000000 00:00 0 
7c0000000-7c0640000 rw-p 00000000 00:00 0 
7c0640000-800000000 ---p 00000000 00:00 0 
800000000-800100000 rw-s 00000000 00:05 31275                            /dev/nvidiactl
800100000-800300000 rw-s 00000000 00:05 31275                            /dev/nvidiactl
800300000-802b00000 rw-s 00000000 00:05 31275                            /dev/nvidiactl
802b00000-802c00000 rw-s 00000000 00:05 31275                            /dev/nvidiactl
802c00000-802d00000 rw-s 00000000 00:04 1281121                          /dev/zero (deleted)
802d00000-802e00000 rw-s 00000000 00:05 31275                            /dev/nvidiactl
802e00000-802f00000 rw-s 00000000 00:04 1281122                          /dev/zero (deleted)
802f00000-803000000 rw-s 00000000 00:05 31275                            /dev/nvidiactl
803000000-803120000 ---p 00000000 00:00 0 
803120000-803220000 rw-s 00000000 00:05 31275                            /dev/nvidiactl
803220000-803300000 rw-s 00000000 00:05 31275                            /dev/nvidiactl
803300000-1100000000 ---p 00000000 00:00 0 
7f4408000000-7f4408021000 rw-p 00000000 00:00 0 
7f4408021000-7f440c000000 ---p 00000000 00:00 0 
7f440c000000-7f440c058000 rw-p 00000000 00:00 0 
7f440c058000-7f4410000000 ---p 00000000 00:00 0 
7f4410000000-7f4410001000 rw-s 00000000 00:05 29264                      /dev/nvidia0
7f4410001000-7f4410002000 rw-s 00000000 00:05 29264                      /dev/nvidia0
7f4410002000-7f4410003000 rw-s 00000000 00:05 29264                      /dev/nvidia0
7f4410003000-7f4410004000 rw-s 00000000 00:05 29264                      /dev/nvidia0
7f4410004000-7f4410005000 rw-s 00000000 00:05 29264                      /dev/nvidia0
7f4410005000-7f4410006000 rw-s 00000000 00:05 29264                      /dev/nvidia0
7f4410006000-7f4410007000 rw-s 00000000 00:05 29264                      /dev/nvidia0
7f4410007000-7f4410008000 rw-s 00000000 00:05 29264                      /dev/nvidia0
7f4410008000-7f4410009000 rw-s 00000000 00:05 29264                      /dev/nvidia0
7f4410009000-7f441000a000 rw-s 00000000 00:05 29264                      /dev/nvidia0
7f441000a000-7f441000b000 rw-s 00000000 00:05 29264                      /dev/nvidia0
7f441000b000-7f441000c000 rw-s 00000000 00:05 29264                      /dev/nvidia0
7f441000c000-7f441000d000 rw-s 00000000 00:05 29264                      /dev/nvidia0
7f441000d000-7f441000e000 rw-s 00000000 00:05 29264                      /dev/nvidia0
7f441000e000-7f441000f000 rw-s 00000000 00:05 29264                      /dev/nvidia0
7f441000f000-7f4410010000 rw-s 00000000 00:05 29264                      /dev/nvidia0
7f4410010000-7f4420000000 ---p 00000000 00:00 0 
7f4420000000-7f4420021000 rw-p 00000000 00:00 0 
7f4420021000-7f4424000000 ---p 00000000 00:00 0 
7f4424000000-7f4424021000 rw-p 00000000 00:00 0 
7f4424021000-7f4428000000 ---p 00000000 00:00 0 
7f442a554000-7f442a557000 ---p 00000000 00:00 0 
7f442a557000-7f442a655000 rw-p 00000000 00:00 0 
7f442a655000-7f442a73e000 r-xp 00000000 08:04 3543193                    /usr/lib64/libstdc++.so.6.0.19
7f442a73e000-7f442a93d000 ---p 000e9000 08:04 3543193                    /usr/lib64/libstdc++.so.6.0.19
7f442a93d000-7f442a945000 r--p 000e8000 08:04 3543193                    /usr/lib64/libstdc++.so.6.0.19
7f442a945000-7f442a947000 rw-p 000f0000 08:04 3543193                    /usr/lib64/libstdc++.so.6.0.19
7f442a947000-7f442a95c000 rw-p 00000000 00:00 0 
7f442a95c000-7f442adfe000 r-xp 00000000 08:04 4075163                    /usr/local/cuda-10.2/targets/x86_64-linux/lib/libnvrtc-builtins.so.10.2.89
7f442adfe000-7f442affd000 ---p 004a2000 08:04 4075163                    /usr/local/cuda-10.2/targets/x86_64-linux/lib/libnvrtc-builtins.so.10.2.89
7f442affd000-7f442affe000 rw-p 004a1000 08:04 4075163                    /usr/local/cuda-10.2/targets/x86_64-linux/lib/libnvrtc-builtins.so.10.2.89
7f442affe000-7f442afff000 ---p 00000000 00:00 0 
7f442afff000-7f442b7ff000 rw-p 00000000 00:00 0 
7f442b7ff000-7f442b800000 ---p 00000000 00:00 0 
7f442b800000-7f442c000000 rw-p 00000000 00:00 0 
7f442c000000-7f442c022000 rw-p 00000000 00:00 0 
7f442c022000-7f4430000000 ---p 00000000 00:00 0 
7f44300cc000-7f44300cf000 ---p 00000000 00:00 0 
7f44300cf000-7f44301cd000 rw-p 00000000 00:00 0 
7f44301cd000-7f44301ce000 ---p 00000000 00:00 0 
7f44301ce000-7f4430ace000 rw-p 00000000 00:00 0 
7f4430ace000-7f4430bce000 ---p 00000000 00:00 0 
7f4430bce000-7f4431dd6000 r-xp 00000000 08:04 4075165                    /usr/local/cuda-10.2/targets/x86_64-linux/lib/libnvrtc.so.10.2.89
7f4431dd6000-7f4431fd5000 ---p 01208000 08:04 4075165                    /usr/local/cuda-10.2/targets/x86_64-linux/lib/libnvrtc.so.10.2.89
7f4431fd5000-7f443225d000 r--p 01207000 08:04 4075165                    /usr/local/cuda-10.2/targets/x86_64-linux/lib/libnvrtc.so.10.2.89
7f443225d000-7f44322d3000 rw-p 0148f000 08:04 4075165                    /usr/local/cuda-10.2/targets/x86_64-linux/lib/libnvrtc.so.10.2.89
7f44322d3000-7f443237b000 rw-p 00000000 00:00 0 
7f443237b000-7f4433251000 r-xp 00000000 08:04 3539602                    /usr/lib64/libcuda.so.440.64.00
7f4433251000-7f4433450000 ---p 00ed6000 08:04 3539602                    /usr/lib64/libcuda.so.440.64.00
7f4433450000-7f443356b000 rw-p 00ed5000 08:04 3539602                    /usr/lib64/libcuda.so.440.64.00
7f443356b000-7f4433581000 rw-p 00000000 00:00 0 
7f4433581000-7f44335fa000 r-xp 00000000 08:04 4063737                    /usr/local/cuda-10.2/targets/x86_64-linux/lib/libcudart.so.10.2.89
7f44335fa000-7f44337f9000 ---p 00079000 08:04 4063737                    /usr/local/cuda-10.2/targets/x86_64-linux/lib/libcudart.so.10.2.89
7f44337f9000-7f44337fd000 rw-p 00078000 08:04 4063737                    /usr/local/cuda-10.2/targets/x86_64-linux/lib/libcudart.so.10.2.89
7f44337fd000-7f44337ff000 rw-p 00000000 00:00 0 
7f44337ff000-7f4433800000 ---p 00000000 00:00 0 
7f4433800000-7f4434000000 rw-p 00000000 00:00 0 
7f4434000000-7f4434021000 rw-p 00000000 00:00 0 
7f4434021000-7f4438000000 ---p 00000000 00:00 0 
7f4438000000-7f4438021000 rw-p 00000000 00:00 0 
7f4438021000-7f443c000000 ---p 00000000 00:00 0 
7f443c000000-7f443c021000 rw-p 00000000 00:00 0 
7f443c021000-7f4440000000 ---p 00000000 00:00 0 
7f444000c000-7f444000f000 ---p 00000000 00:00 0 
7f444000f000-7f444010d000 rw-p 00000000 00:00 0 
7f444010d000-7f444011a000 r-xp 00000000 08:03 85328353                   /home/users/alberto.parravicini/Documents/graalvm-ce-java8-20.0.0/jre/lib/amd64/libtrufflenfi.so
7f444011a000-7f444031a000 ---p 0000d000 08:03 85328353                   /home/users/alberto.parravicini/Documents/graalvm-ce-java8-20.0.0/jre/lib/amd64/libtrufflenfi.so
7f444031a000-7f444031b000 rw-p 0000d000 08:03 85328353                   /home/users/alberto.parravicini/Documents/graalvm-ce-java8-20.0.0/jre/lib/amd64/libtrufflenfi.so
7f444031b000-7f444031c000 ---p 00000000 00:00 0 
7f444031c000-7f4440b1c000 rw-p 00000000 00:00 0 
7f4440b1c000-7f4440b1e000 r-xp 00000000 08:04 3542881                    /usr/lib64/libutil-2.17.so
7f4440b1e000-7f4440d1d000 ---p 00002000 08:04 3542881                    /usr/lib64/libutil-2.17.so
7f4440d1d000-7f4440d1e000 r--p 00001000 08:04 3542881                    /usr/lib64/libutil-2.17.so
7f4440d1e000-7f4440d1f000 rw-p 00002000 08:04 3542881                    /usr/lib64/libutil-2.17.so
7f4440d1f000-7f4440d58000 r-xp 00000000 08:04 4983239                    /usr/lib64/gvfs/libgvfscommon.so
7f4440d58000-7f4440f57000 ---p 00039000 08:04 4983239                    /usr/lib64/gvfs/libgvfscommon.so
7f4440f57000-7f4440f5d000 r--p 00038000 08:04 4983239                    /usr/lib64/gvfs/libgvfscommon.so
7f4440f5d000-7f4440f5e000 rw-p 0003e000 08:04 4983239                    /usr/lib64/gvfs/libgvfscommon.so
7f4440f5e000-7f4440f90000 r-xp 00000000 08:04 3671868                    /usr/lib64/gio/modules/libgvfsdbus.so
7f4440f90000-7f444118f000 ---p 00032000 08:04 3671868                    /usr/lib64/gio/modules/libgvfsdbus.so
7f444118f000-7f4441190000 r--p 00031000 08:04 3671868                    /usr/lib64/gio/modules/libgvfsdbus.so
7f4441190000-7f4441192000 rw-p 00032000 08:04 3671868                    /usr/lib64/gio/modules/libgvfsdbus.so
7f4441192000-7f44411ad000 r-xp 00000000 08:04 3548627                    /usr/lib64/libmagic.so.1.0.0
7f44411ad000-7f44413ad000 ---p 0001b000 08:04 3548627                    /usr/lib64/libmagic.so.1.0.0
7f44413ad000-7f44413ae000 r--p 0001b000 08:04 3548627                    /usr/lib64/libmagic.so.1.0.0
7f44413ae000-7f44413af000 rw-p 0001c000 08:04 3548627                    /usr/lib64/libmagic.so.1.0.0
7f44413af000-7f44413b3000 r-xp 00000000 08:04 3543238                    /usr/lib64/libuuid.so.1.3.0
7f44413b3000-7f44415b2000 ---p 00004000 08:04 3543238                    /usr/lib64/libuuid.so.1.3.0
7f44415b2000-7f44415b3000 r--p 00003000 08:04 3543238                    /usr/lib64/libuuid.so.1.3.0
7f44415b3000-7f44415b4000 rw-p 00004000 08:04 3543238                    /usr/lib64/libuuid.so.1.3.0
7f44415b4000-7f44415f0000 r-xp 00000000 08:04 3542556                    /usr/lib64/libblkid.so.1.1.0
7f44415f0000-7f44417ef000 ---p 0003c000 08:04 3542556                    /usr/lib64/libblkid.so.1.1.0
7f44417ef000-7f44417f2000 r--p 0003b000 08:04 3542556                    /usr/lib64/libblkid.so.1.1.0
7f44417f2000-7f44417f3000 rw-p 0003e000 08:04 3542556                    /usr/lib64/libblkid.so.1.1.0
7f44417f3000-7f44417f4000 rw-p 00000000 00:00 0 
7f44417f4000-7f4441809000 r-xp 00000000 08:04 3538963                    /usr/lib64/libgcc_s-4.8.5-20150702.so.1
7f4441809000-7f4441a08000 ---p 00015000 08:04 3538963                    /usr/lib64/libgcc_s-4.8.5-20150702.so.1
7f4441a08000-7f4441a09000 r--p 00014000 08:04 3538963                    /usr/lib64/libgcc_s-4.8.5-20150702.so.1
7f4441a09000-7f4441a0a000 rw-p 00015000 08:04 3538963                    /usr/lib64/libgcc_s-4.8.5-20150702.so.1
7f4441a0a000-7f4441a4a000 r-xp 00000000 08:04 3545255                    /usr/lib64/libmount.so.1.1.0
7f4441a4a000-7f4441c4a000 ---p 00040000 08:04 3545255                    /usr/lib64/libmount.so.1.1.0
7f4441c4a000-7f4441c4b000 r--p 00040000 08:04 3545255                    /usr/lib64/libmount.so.1.1.0
7f4441c4b000-7f4441c4c000 rw-p 00041000 08:04 3545255                    /usr/lib64/libmount.so.1.1.0
7f4441c4c000-7f4441c4d000 rw-p 00000000 00:00 0 
7f4441c4d000-7f4441c63000 r-xp 00000000 08:04 3542716                    /usr/lib64/libresolv-2.17.so
7f4441c63000-7f4441e62000 ---p 00016000 08:04 3542716                    /usr/lib64/libresolv-2.17.so
7f4441e62000-7f4441e63000 r--p 00015000 08:04 3542716                    /usr/lib64/libresolv-2.17.so
7f4441e63000-7f4441e64000 rw-p 00016000 08:04 3542716                    /usr/lib64/libresolv-2.17.so
7f4441e64000-7f4441e66000 rw-p 00000000 00:00 0 
7f4441e66000-7f4441e8a000 r-xp 00000000 08:04 3543032                    /usr/lib64/libselinux.so.1
7f4441e8a000-7f4442089000 ---p 00024000 08:04 3543032                    /usr/lib64/libselinux.so.1
7f4442089000-7f444208a000 r--p 00023000 08:04 3543032                    /usr/lib64/libselinux.so.1
7f444208a000-7f444208b000 rw-p 00024000 08:04 3543032                    /usr/lib64/libselinux.so.1
7f444208b000-7f444208d000 rw-p 00000000 00:00 0 
7f444208d000-7f44420ed000 r-xp 00000000 08:04 3549973                    /usr/lib64/libpcre.so.1.2.0
7f44420ed000-7f44422ed000 ---p 00060000 08:04 3549973                    /usr/lib64/libpcre.so.1.2.0
7f44422ed000-7f44422ee000 r--p 00060000 08:04 3549973                    /usr/lib64/libpcre.so.1.2.0
7f44422ee000-7f44422ef000 rw-p 00061000 08:04 3549973                    /usr/lib64/libpcre.so.1.2.0
7f44422ef000-7f4442403000 r-xp 00000000 08:04 3545370                    /usr/lib64/libglib-2.0.so.0.5600.1
7f4442403000-7f4442602000 ---p 00114000 08:04 3545370                    /usr/lib64/libglib-2.0.so.0.5600.1
7f4442602000-7f4442603000 r--p 00113000 08:04 3545370                    /usr/lib64/libglib-2.0.so.0.5600.1
7f4442603000-7f4442604000 rw-p 00114000 08:04 3545370                    /usr/lib64/libglib-2.0.so.0.5600.1
7f4442604000-7f4442605000 rw-p 00000000 00:00 0 
7f4442605000-7f4442608000 r-xp 00000000 08:04 3545381                    /usr/lib64/libgmodule-2.0.so.0.5600.1
7f4442608000-7f4442807000 ---p 00003000 08:04 3545381                    /usr/lib64/libgmodule-2.0.so.0.5600.1
7f4442807000-7f4442808000 r--p 00002000 08:04 3545381                    /usr/lib64/libgmodule-2.0.so.0.5600.1
7f4442808000-7f4442809000 rw-p 00003000 08:04 3545381                    /usr/lib64/libgmodule-2.0.so.0.5600.1
7f4442809000-7f4442810000 r-xp 00000000 08:04 3539844                    /usr/lib64/libffi.so.6.0.1
7f4442810000-7f4442a0f000 ---p 00007000 08:04 3539844                    /usr/lib64/libffi.so.6.0.1
7f4442a0f000-7f4442a10000 r--p 00006000 08:04 3539844                    /usr/lib64/libffi.so.6.0.1
7f4442a10000-7f4442a11000 rw-p 00007000 08:04 3539844                    /usr/lib64/libffi.so.6.0.1
7f4442a11000-7f4442a60000 r-xp 00000000 08:04 3545780                    /usr/lib64/libgobject-2.0.so.0.5600.1
7f4442a60000-7f4442c5f000 ---p 0004f000 08:04 3545780                    /usr/lib64/libgobject-2.0.so.0.5600.1
7f4442c5f000-7f4442c60000 r--p 0004e000 08:04 3545780                    /usr/lib64/libgobject-2.0.so.0.5600.1
7f4442c60000-7f4442c61000 rw-p 0004f000 08:04 3545780                    /usr/lib64/libgobject-2.0.so.0.5600.1
7f4442c61000-7f4442df6000 r-xp 00000000 08:04 3540149                    /usr/lib64/libgio-2.0.so.0.5600.1
7f4442df6000-7f4442ff6000 ---p 00195000 08:04 3540149                    /usr/lib64/libgio-2.0.so.0.5600.1
7f4442ff6000-7f4442ffb000 r--p 00195000 08:04 3540149                    /usr/lib64/libgio-2.0.so.0.5600.1
7f4442ffb000-7f4442ffe000 rw-p 0019a000 08:04 3540149                    /usr/lib64/libgio-2.0.so.0.5600.1
7f4442ffe000-7f4443100000 rw-p 00000000 00:00 0 
7f4443200000-7f4443300000 rw-p 00000000 00:00 0 
7f44433fe000-7f4443401000 ---p 00000000 00:00 0 
7f4443401000-7f44436ff000 rw-p 00000000 00:00 0 
7f44436ff000-7f4443702000 ---p 00000000 00:00 0 
7f4443702000-7f4443900000 rw-p 00000000 00:00 0 
7f4443a00000-7f4443b00000 rw-p 00000000 00:00 0 
7f4443c00000-7f4443d00000 rw-p 00000000 00:00 0 
7f4443e00000-7f4444000000 rw-p 00000000 00:00 0 
7f4444000000-7f4444200000 rw-p 00000000 00:00 0 
7f4444200000-7f4444300000 rw-p 00000000 00:00 0 
7f4444400000-7f4444500000 rw-p 00000000 00:00 0 
7f4444600000-7f4444800000 rw-p 00000000 00:00 0 
7f4444800000-7f4444900000 rw-p 00000000 00:00 0 
7f4444a00000-7f4444c00000 rw-p 00000000 00:00 0 
7f4444c00000-7f4444d00000 rw-p 00000000 00:00 0 
7f4444e00000-7f4445000000 rw-p 00000000 00:00 0 
7f4445000000-7f4445200000 rw-p 00000000 00:00 0 
7f4445200000-7f4445400000 rw-p 00000000 00:00 0 
7f4445400000-7f4445600000 rw-p 00000000 00:00 0 
7f4445600000-7f4445700000 rw-p 00000000 00:00 0 
7f4445800000-7f4445900000 rw-p 00000000 00:00 0 
7f4445a00000-7f4445b00000 rw-p 00000000 00:00 0 
7f4445c00000-7f4445d00000 rw-p 00000000 00:00 0 
7f4445e00000-7f4445f00000 rw-p 00000000 00:00 0 
7f4446000000-7f4446100000 rw-p 00000000 00:00 0 
7f4446200000-7f4446300000 rw-p 00000000 00:00 0 
7f4446400000-7f4446500000 rw-p 00000000 00:00 0 
7f4446600000-7f4446700000 rw-p 00000000 00:00 0 
7f4446800000-7f4446900000 rw-p 00000000 00:00 0 
7f4446a00000-7f4446b00000 rw-p 00000000 00:00 0 
7f4446c00000-7f4446d00000 rw-p 00000000 00:00 0 
7f4446e00000-7f4446f00000 rw-p 00000000 00:00 0 
7f4447000000-7f4447100000 rw-p 00000000 00:00 0 
7f4447200000-7f4447300000 rw-p 00000000 00:00 0 
7f4447400000-7f4447500000 rw-p 00000000 00:00 0 
7f4447600000-7f4447700000 rw-p 00000000 00:00 0 
7f4447800000-7f4447900000 rw-p 00000000 00:00 0 
7f4447a00000-7f4447b00000 rw-p 00000000 00:00 0 
7f4447c00000-7f4447d00000 rw-p 00000000 00:00 0 
7f4447e00000-7f4447f00000 rw-p 00000000 00:00 0 
7f4448000000-7f4448100000 rw-p 00000000 00:00 0 
7f4448200000-7f4448300000 rw-p 00000000 00:00 0 
7f4448400000-7f4448500000 rw-p 00000000 00:00 0 
7f4448600000-7f4448700000 rw-p 00000000 00:00 0 
7f4448800000-7f4448900000 rw-p 00000000 00:00 0 
7f4448a00000-7f4448b00000 rw-p 00000000 00:00 0 
7f4448c00000-7f4448d00000 rw-p 00000000 00:00 0 
7f4448e00000-7f4448f00000 rw-p 00000000 00:00 0 
7f4449000000-7f4449100000 rw-p 00000000 00:00 0 
7f4449200000-7f4449300000 rw-p 00000000 00:00 0 
7f4449400000-7f4449500000 rw-p 00000000 00:00 0 
7f4449600000-7f4449700000 rw-p 00000000 00:00 0 
7f4449800000-7f4449a00000 rw-p 00000000 00:00 0 
7f4449a00000-7f4449b00000 rw-p 00000000 00:00 0 
7f4449c00000-7f4449d00000 rw-p 00000000 00:00 0 
7f4449e00000-7f4449f00000 rw-p 00000000 00:00 0 
7f444a000000-7f444a100000 rw-p 00000000 00:00 0 
7f444a200000-7f444a300000 rw-p 00000000 00:00 0 
7f444a400000-7f444a500000 rw-p 00000000 00:00 0 
7f444a600000-7f444a700000 rw-p 00000000 00:00 0 
7f444a800000-7f444a900000 rw-p 00000000 00:00 0 
7f444aa00000-7f444ab00000 rw-p 00000000 00:00 0 
7f444ac00000-7f444ad00000 rw-p 00000000 00:00 0 
7f444ae00000-7f444af00000 rw-p 00000000 00:00 0 
7f444b000000-7f444b100000 rw-p 00000000 00:00 0 
7f444b200000-7f444b300000 rw-p 00000000 00:00 0 
7f444b400000-7f444b500000 rw-p 00000000 00:00 0 
7f444b600000-7f444b700000 rw-p 00000000 00:00 0 
7f444b800000-7f444b900000 rw-p 00000000 00:00 0 
7f444ba00000-7f444bb00000 rw-p 00000000 00:00 0 
7f444bc00000-7f444bd00000 rw-p 00000000 00:00 0 
7f444be00000-7f444bf00000 rw-p 00000000 00:00 0 
7f444c000000-7f444c100000 rw-p 00000000 00:00 0 
7f444c200000-7f444c300000 rw-p 00000000 00:00 0 
7f444c400000-7f444c500000 rw-p 00000000 00:00 0 
7f444c600000-7f444c700000 rw-p 00000000 00:00 0 
7f444c800000-7f444c900000 rw-p 00000000 00:00 0 
7f444ca00000-7f444cb00000 rw-p 00000000 00:00 0 
7f444cc00000-7f444cd00000 rw-p 00000000 00:00 0 
7f444ce00000-7f444cf00000 rw-p 00000000 00:00 0 
7f444d000000-7f444d100000 rw-p 00000000 00:00 0 
7f444d200000-7f444d300000 rw-p 00000000 00:00 0 
7f444d400000-7f444d500000 rw-p 00000000 00:00 0 
7f444d600000-7f444d700000 rw-p 00000000 00:00 0 
7f444d800000-7f444d900000 rw-p 00000000 00:00 0 
7f444da00000-7f444db00000 rw-p 00000000 00:00 0 
7f444dc00000-7f444dd00000 rw-p 00000000 00:00 0 
7f444de00000-7f444df00000 rw-p 00000000 00:00 0 
7f444e000000-7f444e100000 rw-p 00000000 00:00 0 
7f444e200000-7f444e300000 rw-p 00000000 00:00 0 
7f444e400000-7f444e500000 rw-p 00000000 00:00 0 
7f444e600000-7f444e700000 rw-p 00000000 00:00 0 
7f444e800000-7f444e900000 rw-p 00000000 00:00 0 
7f444ea00000-7f444eb00000 rw-p 00000000 00:00 0 
7f444ec00000-7f444ed00000 rw-p 00000000 00:00 0 
7f444ee00000-7f444ef00000 rw-p 00000000 00:00 0 
7f444f000000-7f444f200000 rw-p 00000000 00:00 0 
7f444f200000-7f444f300000 rw-p 00000000 00:00 0 
7f444f400000-7f444f500000 rw-p 00000000 00:00 0 
7f444f600000-7f444f700000 rw-p 00000000 00:00 0 
7f444f800000-7f444f900000 rw-p 00000000 00:00 0 
7f444fa00000-7f444fb00000 rw-p 00000000 00:00 0 
7f444fc00000-7f444fd00000 rw-p 00000000 00:00 0 
7f444fe00000-7f444ff00000 rw-p 00000000 00:00 0 
7f4450000000-7f4450100000 rw-p 00000000 00:00 0 
7f4450200000-7f4450300000 rw-p 00000000 00:00 0 
7f4450400000-7f4450500000 rw-p 00000000 00:00 0 
7f4450600000-7f4450700000 rw-p 00000000 00:00 0 
7f4450800000-7f4450900000 rw-p 00000000 00:00 0 
7f4450a00000-7f4450b00000 rw-p 00000000 00:00 0 
7f4450c00000-7f4450d00000 rw-p 00000000 00:00 0 
7f4450e00000-7f4450f00000 rw-p 00000000 00:00 0 
7f4451000000-7f4451100000 rw-p 00000000 00:00 0 
7f4451200000-7f4451300000 rw-p 00000000 00:00 0 
7f4451400000-7f4451500000 rw-p 00000000 00:00 0 
7f4451600000-7f4451700000 rw-p 00000000 00:00 0 
7f4451800000-7f4451900000 rw-p 00000000 00:00 0 
7f4451a00000-7f4451b00000 rw-p 00000000 00:00 0 
7f4451c00000-7f4451d00000 rw-p 00000000 00:00 0 
7f4451e00000-7f4452000000 rw-p 00000000 00:00 0 
7f4452000000-7f4452100000 rw-p 00000000 00:00 0 
7f4452200000-7f4452300000 rw-p 00000000 00:00 0 
7f4452400000-7f4452500000 rw-p 00000000 00:00 0 
7f4452600000-7f4452700000 rw-p 00000000 00:00 0 
7f4452800000-7f4452900000 rw-p 00000000 00:00 0 
7f4452a00000-7f4452b00000 rw-p 00000000 00:00 0 
7f4452c00000-7f4452d00000 rw-p 00000000 00:00 0 
7f4452e00000-7f4452f00000 rw-p 00000000 00:00 0 
7f4453000000-7f4453100000 rw-p 00000000 00:00 0 
7f4453200000-7f4453300000 rw-p 00000000 00:00 0 
7f4453400000-7f4453500000 rw-p 00000000 00:00 0 
7f4453600000-7f4453700000 rw-p 00000000 00:00 0 
7f4453800000-7f4453900000 rw-p 00000000 00:00 0 
7f4453a00000-7f4453b00000 rw-p 00000000 00:00 0 
7f4453c00000-7f4453d00000 rw-p 00000000 00:00 0 
7f4453e00000-7f4453f00000 rw-p 00000000 00:00 0 
7f4454000000-7f4454100000 rw-p 00000000 00:00 0 
7f4454200000-7f4454300000 rw-p 00000000 00:00 0 
7f4454400000-7f4454500000 rw-p 00000000 00:00 0 
7f4454600000-7f4454700000 rw-p 00000000 00:00 0 
7f4454800000-7f4454900000 rw-p 00000000 00:00 0 
7f4454a00000-7f4454b00000 rw-p 00000000 00:00 0 
7f4454c00000-7f4454d00000 rw-p 00000000 00:00 0 
7f4454e00000-7f4454f00000 rw-p 00000000 00:00 0 
7f4455000000-7f4455100000 rw-p 00000000 00:00 0 
7f4455200000-7f4455300000 rw-p 00000000 00:00 0 
7f4455400000-7f4455500000 rw-p 00000000 00:00 0 
7f4455600000-7f4455700000 rw-p 00000000 00:00 0 
7f4455800000-7f4455900000 rw-p 00000000 00:00 0 
7f4455a00000-7f4455b00000 rw-p 00000000 00:00 0 
7f4455c00000-7f4455d00000 rw-p 00000000 00:00 0 
7f4455e00000-7f4455f00000 rw-p 00000000 00:00 0 
7f4456000000-7f4456100000 rw-p 00000000 00:00 0 
7f4456200000-7f4456300000 rw-p 00000000 00:00 0 
7f4456400000-7f4456500000 rw-p 00000000 00:00 0 
7f4456600000-7f4456700000 rw-p 00000000 00:00 0 
7f4456800000-7f4456900000 rw-p 00000000 00:00 0 
7f4456a00000-7f4456b00000 rw-p 00000000 00:00 0 
7f4456c00000-7f4456d00000 rw-p 00000000 00:00 0 
7f4456e00000-7f4456f00000 rw-p 00000000 00:00 0 
7f4457000000-7f4457100000 rw-p 00000000 00:00 0 
7f4457200000-7f4457300000 rw-p 00000000 00:00 0 
7f4457400000-7f4457500000 rw-p 00000000 00:00 0 
7f4457600000-7f4457700000 rw-p 00000000 00:00 0 
7f4457800000-7f4457900000 rw-p 00000000 00:00 0 
7f4457a00000-7f4457b00000 rw-p 00000000 00:00 0 
7f4457c00000-7f4457e00000 rw-p 00000000 00:00 0 
7f4457e00000-7f4457f00000 rw-p 00000000 00:00 0 
7f4458000000-7f4458021000 rw-p 00000000 00:00 0 
7f4458021000-7f445c000000 ---p 00000000 00:00 0 
7f445c100000-7f445c200000 rw-p 00000000 00:00 0 
7f445c300000-7f445c400000 rw-p 00000000 00:00 0 
7f445c500000-7f445c600000 rw-p 00000000 00:00 0 
7f445c700000-7f445c800000 rw-p 00000000 00:00 0 
7f445c900000-7f445ca00000 rw-p 00000000 00:00 0 
7f445cb00000-7f445cc00000 rw-p 00000000 00:00 0 
7f445cd00000-7f445ce00000 rw-p 00000000 00:00 0 
7f445cf00000-7f445d000000 rw-p 00000000 00:00 0 
7f445d100000-7f445d200000 rw-p 00000000 00:00 0 
7f445d300000-7f445d400000 rw-p 00000000 00:00 0 
7f445d4ff000-7f445d502000 ---p 00000000 00:00 0 
7f445d502000-7f445d700000 rw-p 00000000 00:00 0 
7f445d800000-7f445d900000 rw-p 00000000 00:00 0 
7f445da00000-7f445db00000 rw-p 00000000 00:00 0 
7f445dc00000-7f445dd00000 rw-p 00000000 00:00 0 
7f445de00000-7f445df00000 rw-p 00000000 00:00 0 
7f445e000000-7f445e100000 rw-p 00000000 00:00 0 
7f445e200000-7f445e300000 rw-p 00000000 00:00 0 
7f445e400000-7f445e500000 rw-p 00000000 00:00 0 
7f445e600000-7f445e700000 rw-p 00000000 00:00 0 
7f445e800000-7f445e900000 rw-p 00000000 00:00 0 
7f445ea00000-7f445eb00000 rw-p 00000000 00:00 0 
7f445ec00000-7f445ed00000 rw-p 00000000 00:00 0 
7f445ee00000-7f445ef00000 rw-p 00000000 00:00 0 
7f445f000000-7f445f100000 rw-p 00000000 00:00 0 
7f445f200000-7f445f300000 rw-p 00000000 00:00 0 
7f445f400000-7f445f500000 rw-p 00000000 00:00 0 
7f445f600000-7f445f700000 rw-p 00000000 00:00 0 
7f445f800000-7f445f900000 rw-p 00000000 00:00 0 
7f445fa00000-7f445fb00000 rw-p 00000000 00:00 0 
7f445fc00000-7f445fd00000 rw-p 00000000 00:00 0 
7f445fe00000-7f445ff00000 rw-p 00000000 00:00 0 
7f4460000000-7f4460100000 rw-p 00000000 00:00 0 
7f4460200000-7f4460300000 rw-p 00000000 00:00 0 
7f4460400000-7f4460500000 rw-p 00000000 00:00 0 
7f4460600000-7f4460700000 rw-p 00000000 00:00 0 
7f4460800000-7f4460a00000 rw-p 00000000 00:00 0 
7f4460a00000-7f4460b00000 rw-p 00000000 00:00 0 
7f4460c00000-7f4460d00000 rw-p 00000000 00:00 0 
7f4460e00000-7f4460f00000 rw-p 00000000 00:00 0 
7f4461000000-7f4461100000 rw-p 00000000 00:00 0 
7f4461200000-7f4461300000 rw-p 00000000 00:00 0 
7f4461400000-7f4461500000 rw-p 00000000 00:00 0 
7f4461600000-7f4461700000 rw-p 00000000 00:00 0 
7f4461800000-7f4461900000 rw-p 00000000 00:00 0 
7f4461a00000-7f4461b00000 rw-p 00000000 00:00 0 
7f4461c00000-7f4461d00000 rw-p 00000000 00:00 0 
7f4461e00000-7f4461f00000 rw-p 00000000 00:00 0 
7f4462000000-7f4462100000 rw-p 00000000 00:00 0 
7f4462200000-7f4462300000 rw-p 00000000 00:00 0 
7f4462400000-7f4462500000 rw-p 00000000 00:00 0 
7f4462600000-7f4462700000 rw-p 00000000 00:00 0 
7f4462800000-7f4462900000 rw-p 00000000 00:00 0 
7f4462a00000-7f4462b00000 rw-p 00000000 00:00 0 
7f4462c00000-7f4462d00000 rw-p 00000000 00:00 0 
7f4462e00000-7f4463000000 rw-p 00000000 00:00 0 
7f4463000000-7f4463100000 rw-p 00000000 00:00 0 
7f4463200000-7f4463300000 rw-p 00000000 00:00 0 
7f4463400000-7f4463500000 rw-p 00000000 00:00 0 
7f4463600000-7f4463700000 rw-p 00000000 00:00 0 
7f4463800000-7f4463900000 rw-p 00000000 00:00 0 
7f4463a00000-7f4463b00000 rw-p 00000000 00:00 0 
7f4463c00000-7f4463d00000 rw-p 00000000 00:00 0 
7f4463e00000-7f4463f00000 rw-p 00000000 00:00 0 
7f4464000000-7f4464021000 rw-p 00000000 00:00 0 
7f4464021000-7f4468000000 ---p 00000000 00:00 0 
7f4468000000-7f4468100000 rw-p 00000000 00:00 0 
7f4468200000-7f4468300000 rw-p 00000000 00:00 0 
7f4468400000-7f4468500000 rw-p 00000000 00:00 0 
7f4468600000-7f4468700000 rw-p 00000000 00:00 0 
7f4468800000-7f4468900000 rw-p 00000000 00:00 0 
7f4468a00000-7f4468b00000 rw-p 00000000 00:00 0 
7f4468c00000-7f4468d00000 rw-p 00000000 00:00 0 
7f4468e00000-7f4468f00000 rw-p 00000000 00:00 0 
7f4469000000-7f4469100000 rw-p 00000000 00:00 0 
7f4469200000-7f4469300000 rw-p 00000000 00:00 0 
7f4469400000-7f4469500000 rw-p 00000000 00:00 0 
7f4469600000-7f4469700000 rw-p 00000000 00:00 0 
7f4469800000-7f4469900000 rw-p 00000000 00:00 0 
7f4469a00000-7f4469b00000 rw-p 00000000 00:00 0 
7f4469c00000-7f4469d00000 rw-p 00000000 00:00 0 
7f4469e00000-7f4469f00000 rw-p 00000000 00:00 0 
7f446a000000-7f446a100000 rw-p 00000000 00:00 0 
7f446a200000-7f446a300000 rw-p 00000000 00:00 0 
7f446a400000-7f446a500000 rw-p 00000000 00:00 0 
7f446a600000-7f446a700000 rw-p 00000000 00:00 0 
7f446a800000-7f446a900000 rw-p 00000000 00:00 0 
7f446aa00000-7f446ab00000 rw-p 00000000 00:00 0 
7f446ac00000-7f446ad00000 rw-p 00000000 00:00 0 
7f446ae00000-7f446af00000 rw-p 00000000 00:00 0 
7f446b000000-7f446b100000 rw-p 00000000 00:00 0 
7f446b200000-7f446b300000 rw-p 00000000 00:00 0 
7f446b400000-7f446b500000 rw-p 00000000 00:00 0 
7f446b600000-7f446b700000 rw-p 00000000 00:00 0 
7f446b800000-7f446b900000 rw-p 00000000 00:00 0 
7f446ba00000-7f446bb00000 rw-p 00000000 00:00 0 
7f446bc00000-7f446bd00000 rw-p 00000000 00:00 0 
7f446be00000-7f446bf00000 rw-p 00000000 00:00 0 
7f446c000000-7f446c021000 rw-p 00000000 00:00 0 
7f446c021000-7f4470000000 ---p 00000000 00:00 0 
7f4470000000-7f4470021000 rw-p 00000000 00:00 0 
7f4470021000-7f4474000000 ---p 00000000 00:00 0 
7f4474000000-7f4474155000 rw-p 00000000 00:00 0 
7f4474155000-7f4478000000 ---p 00000000 00:00 0 
7f4478000000-7f4479c7a000 rw-p 00000000 00:00 0 
7f4479c7a000-7f447c000000 ---p 00000000 00:00 0 
7f447c000000-7f447c2f7000 rw-p 00000000 00:00 0 
7f447c2f7000-7f4480000000 ---p 00000000 00:00 0 
7f4480000000-7f44800de000 rw-p 00000000 00:00 0 
7f44800de000-7f4484000000 ---p 00000000 00:00 0 
7f4484000000-7f4484021000 rw-p 00000000 00:00 0 
7f4484021000-7f4488000000 ---p 00000000 00:00 0 
7f4488100000-7f4488200000 rw-p 00000000 00:00 0 
7f4488300000-7f4488400000 rw-p 00000000 00:00 0 
7f4488500000-7f4488600000 rw-p 00000000 00:00 0 
7f4488700000-7f4488800000 rw-p 00000000 00:00 0 
7f4488900000-7f4488a00000 rw-p 00000000 00:00 0 
7f4488b00000-7f4488c00000 rw-p 00000000 00:00 0 
7f4488d00000-7f4488e00000 rw-p 00000000 00:00 0 
7f4488f00000-7f4489000000 rw-p 00000000 00:00 0 
7f4489100000-7f4489200000 rw-p 00000000 00:00 0 
7f4489300000-7f4489400000 rw-p 00000000 00:00 0 
7f4489500000-7f4489600000 rw-p 00000000 00:00 0 
7f4489700000-7f4489800000 rw-p 00000000 00:00 0 
7f4489900000-7f4489a00000 rw-p 00000000 00:00 0 
7f4489ad6000-7f4490000000 r--p 00000000 08:04 3820473                    /usr/lib/locale/locale-archive
7f4490000000-7f4490021000 rw-p 00000000 00:00 0 
7f4490021000-7f4494000000 ---p 00000000 00:00 0 
7f4494000000-7f4494021000 rw-p 00000000 00:00 0 
7f4494021000-7f4498000000 ---p 00000000 00:00 0 
7f4498000000-7f4498021000 rw-p 00000000 00:00 0 
7f4498021000-7f449c000000 ---p 00000000 00:00 0 
7f449c100000-7f449c200000 rw-p 00000000 00:00 0 
7f449c300000-7f449c400000 rw-p 00000000 00:00 0 
7f449c500000-7f449c600000 rw-p 00000000 00:00 0 
7f449c660000-7f44ac000000 rw-p 00000000 00:00 0 
7f44ac000000-7f44ac021000 rw-p 00000000 00:00 0 
7f44ac021000-7f44b0000000 ---p 00000000 00:00 0 
7f44b0000000-7f44b0021000 rw-p 00000000 00:00 0 
7f44b0021000-7f44b4000000 ---p 00000000 00:00 0 
7f44b4000000-7f44b4021000 rw-p 00000000 00:00 0 
7f44b4021000-7f44b8000000 ---p 00000000 00:00 0 
7f44b8000000-7f44b8100000 rw-s 00000000 00:04 1281123                    /dev/zero (deleted)
7f44b8100000-7f44b8200000 rw-p 00000000 00:00 0 
7f44b82ff000-7f44b8302000 ---p 00000000 00:00 0 
7f44b8302000-7f44b8500000 rw-p 00000000 00:00 0 
7f44b8502000-7f44b8523000 r--s 00000000 08:04 3811338                    /usr/share/mime/mime.cache
7f44b8523000-7f44b858f000 r--s 0101a000 08:03 82448015                   /home/users/alberto.parravicini/Documents/graalvm-ce-java8-20.0.0/jre/languages/js/graaljs.jar
7f44b858f000-7f44b8600000 r--s 00bc1000 08:03 82448016                   /home/users/alberto.parravicini/Documents/graalvm-ce-java8-20.0.0/jre/languages/js/icu4j.jar
7f44b8600000-7f44b8700000 rw-p 00000000 00:00 0 
7f44b870e000-7f44b870f000 rw-p 00000000 00:00 0 
7f44b870f000-7f44b8710000 r--p 00000000 00:00 0 
7f44b8710000-7f44b8711000 rw-s 00000000 00:05 31275                      /dev/nvidiactl
7f44b8711000-7f44b8712000 rw-s 00000000 00:05 31275                      /dev/nvidiactl
7f44b8712000-7f44b8713000 rw-s 00000000 00:05 31275                      /dev/nvidiactl
7f44b8713000-7f44b8714000 rw-s 00000000 00:05 31275                      /dev/nvidiactl
7f44b8714000-7f44b8715000 rw-s 00000000 00:05 31275                      /dev/nvidiactl
7f44b8715000-7f44b8716000 rw-s 00000000 00:05 31275                      /dev/nvidiactl
7f44b8716000-7f44b8717000 rw-s 00000000 00:05 31275                      /dev/nvidiactl
7f44b8717000-7f44b8718000 rw-s 00000000 00:05 31275                      /dev/nvidiactl
7f44b8718000-7f44b8800000 r--s 01c58000 08:03 85329268                   /home/users/alberto.parravicini/Documents/graalvm-ce-java8-20.0.0/jre/languages/python/graalpython.jar
7f44b8800000-7f44b8900000 rw-p 00000000 00:00 0 
7f44b8900000-7f44b8901000 rw-s 00000000 00:05 31275                      /dev/nvidiactl
7f44b8901000-7f44b8902000 rw-s 00000000 00:05 31275                      /dev/nvidiactl
7f44b8902000-7f44b896b000 r--s 00bdc000 08:03 85328286                   /home/users/alberto.parravicini/Documents/graalvm-ce-java8-20.0.0/jre/languages/llvm/sulong.jar
7f44b896b000-7f44b89d6000 r--s 00fc8000 08:03 85328376                   /home/users/alberto.parravicini/Documents/graalvm-ce-java8-20.0.0/jre/lib/jvmci/graal.jar
7f44b89d6000-7f44b89ed000 r-xp 00000000 08:03 85328739                   /home/users/alberto.parravicini/Documents/graalvm-ce-java8-20.0.0/jre/lib/amd64/libnet.so
7f44b89ed000-7f44b8bec000 ---p 00017000 08:03 85328739                   /home/users/alberto.parravicini/Documents/graalvm-ce-java8-20.0.0/jre/lib/amd64/libnet.so
7f44b8bec000-7f44b8bed000 r--p 00016000 08:03 85328739                   /home/users/alberto.parravicini/Documents/graalvm-ce-java8-20.0.0/jre/lib/amd64/libnet.so
7f44b8bed000-7f44b8bee000 rw-p 00017000 08:03 85328739                   /home/users/alberto.parravicini/Documents/graalvm-ce-java8-20.0.0/jre/lib/amd64/libnet.so
7f44b8bee000-7f44b8bff000 r-xp 00000000 08:03 85328746                   /home/users/alberto.parravicini/Documents/graalvm-ce-java8-20.0.0/jre/lib/amd64/libnio.so
7f44b8bff000-7f44b8dfe000 ---p 00011000 08:03 85328746                   /home/users/alberto.parravicini/Documents/graalvm-ce-java8-20.0.0/jre/lib/amd64/libnio.so
7f44b8dfe000-7f44b8dff000 r--p 00010000 08:03 85328746                   /home/users/alberto.parravicini/Documents/graalvm-ce-java8-20.0.0/jre/lib/amd64/libnio.so
7f44b8dff000-7f44b8e00000 rw-p 00011000 08:03 85328746                   /home/users/alberto.parravicini/Documents/graalvm-ce-java8-20.0.0/jre/lib/amd64/libnio.so
7f44b8e00000-7f44b8f00000 rw-p 00000000 00:00 0 
7f44b8f00000-7f44b8f01000 rw-s 00000000 00:05 31275                      /dev/nvidiactl
7f44b8f01000-7f44b8f02000 rw-s 00000000 00:05 31275                      /dev/nvidiactl
7f44b8f02000-7f44b8f03000 rw-s 00000000 00:05 31275                      /dev/nvidiactl
7f44b8f03000-7f44b8f04000 rw-s 00000000 00:05 31275                      /dev/nvidiactl
7f44b8f04000-7f44b8f05000 rw-s 00000000 00:05 31275                      /dev/nvidiactl
7f44b8f05000-7f44b8f06000 rw-s 00000000 00:05 31275                      /dev/nvidiactl
7f44b8f06000-7f44b8f0d000 r--s 00000000 08:04 3805103                    /usr/lib64/gconv/gconv-modules.cache
7f44b8f0d000-7f44b8f0e000 r--s 00010000 08:03 85328726                   /home/users/alberto.parravicini/Documents/graalvm-ce-java8-20.0.0/jre/lib/ext/zipfs.jar
7f44b8f0e000-7f44b8f12000 r--s 00059000 08:03 85328471                   /home/users/alberto.parravicini/Documents/graalvm-ce-java8-20.0.0/jre/tools/profiler/truffle-profiler.jar
7f44b8f12000-7f44b8f19000 r--s 000f0000 08:03 85328468                   /home/users/alberto.parravicini/Documents/graalvm-ce-java8-20.0.0/jre/tools/lsp/lsp.jar
7f44b8f19000-7f44b8f23000 r--s 000d4000 08:03 85328461                   /home/users/alberto.parravicini/Documents/graalvm-ce-java8-20.0.0/jre/tools/chromeinspector/chromeinspector.jar
7f44b8f23000-7f44b8f4b000 r--s 004f1000 08:03 85328454                   /home/users/alberto.parravicini/Documents/graalvm-ce-java8-20.0.0/jre/lib/truffle/truffle-api.jar
7f44b8f4b000-7f44b8f7c000 rw-p 00000000 00:00 0 
7f44b8f7c000-7f44b8f91000 r-xp 00000000 08:04 3543191                    /usr/lib64/libz.so.1.2.7
7f44b8f91000-7f44b9190000 ---p 00015000 08:04 3543191                    /usr/lib64/libz.so.1.2.7
7f44b9190000-7f44b9191000 r--p 00014000 08:04 3543191                    /usr/lib64/libz.so.1.2.7
7f44b9191000-7f44b9192000 rw-p 00015000 08:04 3543191                    /usr/lib64/libz.so.1.2.7
7f44b9192000-7f44bacef000 r-xp 00000000 08:03 85328354                   /home/users/alberto.parravicini/Documents/graalvm-ce-java8-20.0.0/jre/lib/amd64/libjvmcicompiler.so
7f44bacef000-7f44baeef000 rw-p 01b5d000 08:03 85328354                   /home/users/alberto.parravicini/Documents/graalvm-ce-java8-20.0.0/jre/lib/amd64/libjvmcicompiler.so
7f44baeef000-7f44baef3000 r-xp 01d5d000 08:03 85328354                   /home/users/alberto.parravicini/Documents/graalvm-ce-java8-20.0.0/jre/lib/amd64/libjvmcicompiler.so
7f44baef3000-7f44bb0f2000 ---p 01d61000 08:03 85328354                   /home/users/alberto.parravicini/Documents/graalvm-ce-java8-20.0.0/jre/lib/amd64/libjvmcicompiler.so
7f44bb0f2000-7f44bb0f5000 rw-p 01d60000 08:03 85328354                   /home/users/alberto.parravicini/Documents/graalvm-ce-java8-20.0.0/jre/lib/amd64/libjvmcicompiler.so
7f44bb0f5000-7f44bb0f6000 ---p 00000000 00:00 0 
7f44bb0f6000-7f44bb1f6000 rw-p 00000000 00:00 0 
7f44bb1f6000-7f44bb1f9000 ---p 00000000 00:00 0 
7f44bb1f9000-7f44bb2f7000 rw-p 00000000 00:00 0 
7f44bb2f7000-7f44bb2fb000 ---p 00000000 00:00 0 
7f44bb2fb000-7f44bb4f8000 rw-p 00000000 00:00 0 
7f44bb4f8000-7f44bb4fc000 ---p 00000000 00:00 0 
7f44bb4fc000-7f44bb6f9000 rw-p 00000000 00:00 0 
7f44bb6f9000-7f44bb6fd000 ---p 00000000 00:00 0 
7f44bb6fd000-7f44bb8fa000 rw-p 00000000 00:00 0 
7f44bb8fa000-7f44bb8fe000 ---p 00000000 00:00 0 
7f44bb8fe000-7f44bbafb000 rw-p 00000000 00:00 0 
7f44bbafb000-7f44bbafe000 ---p 00000000 00:00 0 
7f44bbafe000-7f44bbbfc000 rw-p 00000000 00:00 0 
7f44bbbfc000-7f44bbbff000 ---p 00000000 00:00 0 
7f44bbbff000-7f44bbcfd000 rw-p 00000000 00:00 0 
7f44bbcfd000-7f44bbd00000 ---p 00000000 00:00 0 
7f44bbd00000-7f44bbdfe000 rw-p 00000000 00:00 0 
7f44bbdfe000-7f44bbdff000 ---p 00000000 00:00 0 
7f44bbdff000-7f44bc000000 rw-p 00000000 00:00 0 
7f44bc000000-7f44bc021000 rw-p 00000000 00:00 0 
7f44bc021000-7f44c0000000 ---p 00000000 00:00 0 
7f44c0000000-7f44c0021000 rw-p 00000000 00:00 0 
7f44c0021000-7f44c4000000 ---p 00000000 00:00 0 
7f44c4000000-7f44c4021000 rw-p 00000000 00:00 0 
7f44c4021000-7f44c8000000 ---p 00000000 00:00 0 
7f44c8000000-7f44c8021000 rw-p 00000000 00:00 0 
7f44c8021000-7f44cc000000 ---p 00000000 00:00 0 
7f44cc000000-7f44cc021000 rw-p 00000000 00:00 0 
7f44cc021000-7f44d0000000 ---p 00000000 00:00 0 
7f44d0000000-7f44d0003000 r--s 00026000 08:03 85328458                   /home/users/alberto.parravicini/Documents/graalvm-ce-java8-20.0.0/jre/tools/agentscript/agentscript.jar
7f44d0003000-7f44d0006000 r--s 00027000 08:03 85328464                   /home/users/alberto.parravicini/Documents/graalvm-ce-java8-20.0.0/jre/tools/coverage/truffle-coverage.jar
7f44d0006000-7f44d0008000 r--s 00007000 08:03 82448019                   /home/users/alberto.parravicini/Documents/graalvm-ce-java8-20.0.0/jre/languages/js/asm-analysis-7.1.jar
7f44d0008000-7f44d000a000 r--s 00010000 08:03 82448020                   /home/users/alberto.parravicini/Documents/graalvm-ce-java8-20.0.0/jre/languages/js/asm-commons-7.1.jar
7f44d000a000-7f44d000c000 r--s 0001b000 08:03 82448017                   /home/users/alberto.parravicini/Documents/graalvm-ce-java8-20.0.0/jre/languages/js/asm-7.1.jar
7f44d000c000-7f44d000e000 r--s 0000b000 08:03 82448018                   /home/users/alberto.parravicini/Documents/graalvm-ce-java8-20.0.0/jre/languages/js/asm-tree-7.1.jar
7f44d000e000-7f44d0012000 r--s 0007d000 08:03 82445437                   /home/users/alberto.parravicini/Documents/graalvm-ce-java8-20.0.0/jre/languages/js/trufflenode.jar
7f44d0012000-7f44d0023000 r--s 00165000 08:03 85590076                   /home/users/alberto.parravicini/Documents/graalvm-ce-java8-20.0.0/jre/languages/grcuda/grcuda.jar
7f44d0023000-7f44d1bc4000 rw-p 00000000 00:00 0 
7f44d1bc4000-7f44d1d93000 r--s 03c60000 08:03 85328781                   /home/users/alberto.parravicini/Documents/graalvm-ce-java8-20.0.0/jre/lib/rt.jar
7f44d1d93000-7f44d2664000 rw-p 00000000 00:00 0 
7f44d2664000-7f44d36d4000 rw-p 00000000 00:00 0 
7f44d36d4000-7f44d4065000 ---p 00000000 00:00 0 
7f44d4065000-7f44d413b000 rw-p 00000000 00:00 0 
7f44d413b000-7f44d4acb000 ---p 00000000 00:00 0 
7f44d4acb000-7f44d4b2a000 rw-p 00000000 00:00 0 
7f44d4b2a000-7f44d4fff000 ---p 00000000 00:00 0 
7f44d4fff000-7f44d5000000 rw-p 00000000 00:00 0 
7f44d5000000-7f44d66d0000 rwxp 00000000 00:00 0 
7f44d66d0000-7f44e4000000 ---p 00000000 00:00 0 
7f44e4000000-7f44e60cd000 rw-p 00000000 00:00 0 
7f44e60cd000-7f44e8000000 ---p 00000000 00:00 0 
7f44e8000000-7f44e8001000 r--s 0000a000 08:03 85328467                   /home/users/alberto.parravicini/Documents/graalvm-ce-java8-20.0.0/jre/tools/lsp/lsp-api.jar
7f44e8001000-7f44e8010000 r--s 0022a000 08:03 85328343                   /home/users/alberto.parravicini/Documents/graalvm-ce-java8-20.0.0/jre/languages/regex/tregex.jar
7f44e8010000-7f44e8031000 rw-p 00000000 00:00 0 
7f44e8031000-7f44e8032000 ---p 00000000 00:00 0 
7f44e8032000-7f44e8132000 rw-p 00000000 00:00 0 
7f44e8132000-7f44e8133000 ---p 00000000 00:00 0 
7f44e8133000-7f44e8233000 rw-p 00000000 00:00 0 
7f44e8233000-7f44e8234000 ---p 00000000 00:00 0 
7f44e8234000-7f44e8334000 rw-p 00000000 00:00 0 
7f44e8334000-7f44e8335000 ---p 00000000 00:00 0 
7f44e8335000-7f44e8435000 rw-p 00000000 00:00 0 
7f44e8435000-7f44e8436000 ---p 00000000 00:00 0 
7f44e8436000-7f44e8536000 rw-p 00000000 00:00 0 
7f44e8536000-7f44e8537000 ---p 00000000 00:00 0 
7f44e8537000-7f44e8637000 rw-p 00000000 00:00 0 
7f44e8637000-7f44e8638000 ---p 00000000 00:00 0 
7f44e8638000-7f44e8738000 rw-p 00000000 00:00 0 
7f44e8738000-7f44e8739000 ---p 00000000 00:00 0 
7f44e8739000-7f44e8895000 rw-p 00000000 00:00 0 
7f44e8895000-7f44e8bf9000 ---p 00000000 00:00 0 
7f44e8bf9000-7f44e8c14000 r-xp 00000000 08:03 85328749                   /home/users/alberto.parravicini/Documents/graalvm-ce-java8-20.0.0/jre/lib/amd64/libzip.so
7f44e8c14000-7f44e8e14000 ---p 0001b000 08:03 85328749                   /home/users/alberto.parravicini/Documents/graalvm-ce-java8-20.0.0/jre/lib/amd64/libzip.so
7f44e8e14000-7f44e8e15000 r--p 0001b000 08:03 85328749                   /home/users/alberto.parravicini/Documents/graalvm-ce-java8-20.0.0/jre/lib/amd64/libzip.so
7f44e8e15000-7f44e8e16000 rw-p 0001c000 08:03 85328749                   /home/users/alberto.parravicini/Documents/graalvm-ce-java8-20.0.0/jre/lib/amd64/libzip.so
7f44e8e16000-7f44e8e22000 r-xp 00000000 08:04 3552420                    /usr/lib64/libnss_ldap.so.2
7f44e8e22000-7f44e9021000 ---p 0000c000 08:04 3552420                    /usr/lib64/libnss_ldap.so.2
7f44e9021000-7f44e9022000 r--p 0000b000 08:04 3552420                    /usr/lib64/libnss_ldap.so.2
7f44e9022000-7f44e9023000 rw-p 0000c000 08:04 3552420                    /usr/lib64/libnss_ldap.so.2
7f44e9023000-7f44e902b000 r-xp 00000000 08:04 3551687                    /usr/lib64/libnss_sss.so.2
7f44e902b000-7f44e922a000 ---p 00008000 08:04 3551687                    /usr/lib64/libnss_sss.so.2
7f44e922a000-7f44e922b000 r--p 00007000 08:04 3551687                    /usr/lib64/libnss_sss.so.2
7f44e922b000-7f44e922c000 rw-p 00008000 08:04 3551687                    /usr/lib64/libnss_sss.so.2
7f44e922c000-7f44e9238000 r-xp 00000000 08:04 3542623                    /usr/lib64/libnss_files-2.17.so
7f44e9238000-7f44e9437000 ---p 0000c000 08:04 3542623                    /usr/lib64/libnss_files-2.17.so
7f44e9437000-7f44e9438000 r--p 0000b000 08:04 3542623                    /usr/lib64/libnss_files-2.17.so
7f44e9438000-7f44e9439000 rw-p 0000c000 08:04 3542623                    /usr/lib64/libnss_files-2.17.so
7f44e9439000-7f44e943f000 rw-p 00000000 00:00 0 
7f44e943f000-7f44e9467000 r-xp 00000000 08:03 85328775                   /home/users/alberto.parravicini/Documents/graalvm-ce-java8-20.0.0/jre/lib/amd64/libjava.so
7f44e9467000-7f44e9666000 ---p 00028000 08:03 85328775                   /home/users/alberto.parravicini/Documents/graalvm-ce-java8-20.0.0/jre/lib/amd64/libjava.so
7f44e9666000-7f44e9667000 r--p 00027000 08:03 85328775                   /home/users/alberto.parravicini/Documents/graalvm-ce-java8-20.0.0/jre/lib/amd64/libjava.so
7f44e9667000-7f44e9669000 rw-p 00028000 08:03 85328775                   /home/users/alberto.parravicini/Documents/graalvm-ce-java8-20.0.0/jre/lib/amd64/libjava.so
7f44e9669000-7f44e9678000 r-xp 00000000 08:03 85328763                   /home/users/alberto.parravicini/Documents/graalvm-ce-java8-20.0.0/jre/lib/amd64/libverify.so
7f44e9678000-7f44e9877000 ---p 0000f000 08:03 85328763                   /home/users/alberto.parravicini/Documents/graalvm-ce-java8-20.0.0/jre/lib/amd64/libverify.so
7f44e9877000-7f44e9879000 r--p 0000e000 08:03 85328763                   /home/users/alberto.parravicini/Documents/graalvm-ce-java8-20.0.0/jre/lib/amd64/libverify.so
7f44e9879000-7f44e987a000 rw-p 00010000 08:03 85328763                   /home/users/alberto.parravicini/Documents/graalvm-ce-java8-20.0.0/jre/lib/amd64/libverify.so
7f44e987a000-7f44e9881000 r-xp 00000000 08:04 3542720                    /usr/lib64/librt-2.17.so
7f44e9881000-7f44e9a80000 ---p 00007000 08:04 3542720                    /usr/lib64/librt-2.17.so
7f44e9a80000-7f44e9a81000 r--p 00006000 08:04 3542720                    /usr/lib64/librt-2.17.so
7f44e9a81000-7f44e9a82000 rw-p 00007000 08:04 3542720                    /usr/lib64/librt-2.17.so
7f44e9a82000-7f44e9b83000 r-xp 00000000 08:04 3542599                    /usr/lib64/libm-2.17.so
7f44e9b83000-7f44e9d82000 ---p 00101000 08:04 3542599                    /usr/lib64/libm-2.17.so
7f44e9d82000-7f44e9d83000 r--p 00100000 08:04 3542599                    /usr/lib64/libm-2.17.so
7f44e9d83000-7f44e9d84000 rw-p 00101000 08:04 3542599                    /usr/lib64/libm-2.17.so
7f44e9d84000-7f44eaae7000 r-xp 00000000 08:03 85328771                   /home/users/alberto.parravicini/Documents/graalvm-ce-java8-20.0.0/jre/lib/amd64/server/libjvm.so
7f44eaae7000-7f44eace6000 ---p 00d63000 08:03 85328771                   /home/users/alberto.parravicini/Documents/graalvm-ce-java8-20.0.0/jre/lib/amd64/server/libjvm.so
7f44eace6000-7f44eadaf000 rw-p 00d62000 08:03 85328771                   /home/users/alberto.parravicini/Documents/graalvm-ce-java8-20.0.0/jre/lib/amd64/server/libjvm.so
7f44eadaf000-7f44eade1000 rw-p 00000000 00:00 0 
7f44eade1000-7f44eafa3000 r-xp 00000000 08:04 3539525                    /usr/lib64/libc-2.17.so
7f44eafa3000-7f44eb1a3000 ---p 001c2000 08:04 3539525                    /usr/lib64/libc-2.17.so
7f44eb1a3000-7f44eb1a7000 r--p 001c2000 08:04 3539525                    /usr/lib64/libc-2.17.so
7f44eb1a7000-7f44eb1a9000 rw-p 001c6000 08:04 3539525                    /usr/lib64/libc-2.17.so
7f44eb1a9000-7f44eb1ae000 rw-p 00000000 00:00 0 
7f44eb1ae000-7f44eb1b0000 r-xp 00000000 08:04 3542593                    /usr/lib64/libdl-2.17.so
7f44eb1b0000-7f44eb3b0000 ---p 00002000 08:04 3542593                    /usr/lib64/libdl-2.17.so
7f44eb3b0000-7f44eb3b1000 r--p 00002000 08:04 3542593                    /usr/lib64/libdl-2.17.so
7f44eb3b1000-7f44eb3b2000 rw-p 00003000 08:04 3542593                    /usr/lib64/libdl-2.17.so
7f44eb3b2000-7f44eb3c8000 r-xp 00000000 08:03 85328806                   /home/users/alberto.parravicini/Documents/graalvm-ce-java8-20.0.0/lib/amd64/jli/libjli.so
7f44eb3c8000-7f44eb5c7000 ---p 00016000 08:03 85328806                   /home/users/alberto.parravicini/Documents/graalvm-ce-java8-20.0.0/lib/amd64/jli/libjli.so
7f44eb5c7000-7f44eb5c8000 r--p 00015000 08:03 85328806                   /home/users/alberto.parravicini/Documents/graalvm-ce-java8-20.0.0/lib/amd64/jli/libjli.so
7f44eb5c8000-7f44eb5c9000 rw-p 00016000 08:03 85328806                   /home/users/alberto.parravicini/Documents/graalvm-ce-java8-20.0.0/lib/amd64/jli/libjli.so
7f44eb5c9000-7f44eb5e0000 r-xp 00000000 08:04 3539551                    /usr/lib64/libpthread-2.17.so
7f44eb5e0000-7f44eb7df000 ---p 00017000 08:04 3539551                    /usr/lib64/libpthread-2.17.so
7f44eb7df000-7f44eb7e0000 r--p 00016000 08:04 3539551                    /usr/lib64/libpthread-2.17.so
7f44eb7e0000-7f44eb7e1000 rw-p 00017000 08:04 3539551                    /usr/lib64/libpthread-2.17.so
7f44eb7e1000-7f44eb7e5000 rw-p 00000000 00:00 0 
7f44eb7e5000-7f44eb807000 r-xp 00000000 08:04 3539518                    /usr/lib64/ld-2.17.so
7f44eb807000-7f44eb808000 r--s 00013000 08:03 82448021                   /home/users/alberto.parravicini/Documents/graalvm-ce-java8-20.0.0/jre/languages/js/asm-util-7.1.jar
7f44eb808000-7f44eb80a000 r--s 00012000 08:03 85328287                   /home/users/alberto.parravicini/Documents/graalvm-ce-java8-20.0.0/jre/languages/llvm/sulong-api.jar
7f44eb80a000-7f44eb814000 r--s 000d5000 08:03 85328340                   /home/users/alberto.parravicini/Documents/graalvm-ce-java8-20.0.0/jre/languages/nfi/truffle-nfi.jar
7f44eb814000-7f44eb815000 r--s 00000000 08:03 85328378                   /home/users/alberto.parravicini/Documents/graalvm-ce-java8-20.0.0/jre/lib/jvmci/graal-truffle-jfr-impl.jar
7f44eb815000-7f44eb8da000 rw-p 00000000 00:00 0 
7f44eb8da000-7f44eb8de000 ---p 00000000 00:00 0 
7f44eb8de000-7f44eb9df000 rw-p 00000000 00:00 0 
7f44eb9df000-7f44eb9e0000 r--s 00005000 08:03 85328377                   /home/users/alberto.parravicini/Documents/graalvm-ce-java8-20.0.0/jre/lib/jvmci/graal-management.jar
7f44eb9e0000-7f44eb9e5000 r--s 0008a000 08:03 85328797                   /home/users/alberto.parravicini/Documents/graalvm-ce-java8-20.0.0/jre/lib/jvmci/jvmci-hotspot.jar
7f44eb9e5000-7f44eb9e9000 r--s 0004e000 08:03 85328799                   /home/users/alberto.parravicini/Documents/graalvm-ce-java8-20.0.0/jre/lib/jvmci/jvmci-api.jar
7f44eb9e9000-7f44eb9ea000 r--s 00002000 08:03 85328455                   /home/users/alberto.parravicini/Documents/graalvm-ce-java8-20.0.0/jre/lib/truffle/locator.jar
7f44eb9ea000-7f44eb9eb000 r--s 00015000 08:03 85329265                   /home/users/alberto.parravicini/Documents/graalvm-ce-java8-20.0.0/jre/lib/graalvm/graalpython-launcher.jar
7f44eb9eb000-7f44eb9f0000 r--s 0005e000 08:03 82445046                   /home/users/alberto.parravicini/Documents/graalvm-ce-java8-20.0.0/lib/installer/launcher-common.jar
7f44eb9f0000-7f44eb9f8000 r--s 0007c000 08:03 85328357                   /home/users/alberto.parravicini/Documents/graalvm-ce-java8-20.0.0/jre/lib/boot/graal-sdk.jar
7f44eb9f8000-7f44eb9fa000 r--s 0000d000 08:03 85328356                   /home/users/alberto.parravicini/Documents/graalvm-ce-java8-20.0.0/jre/lib/boot/graaljs-scriptengine.jar
7f44eb9fa000-7f44eb9fb000 r--s 00005000 08:03 85328733                   /home/users/alberto.parravicini/Documents/graalvm-ce-java8-20.0.0/jre/lib/jvmci-services.jar
7f44eb9fb000-7f44eba03000 rw-s 00000000 08:04 4587582                    /tmp/hsperfdata_alberto.parravicini/18546
7f44eba03000-7f44eba04000 rw-p 00000000 00:00 0 
7f44eba04000-7f44eba05000 r--p 00000000 00:00 0 
7f44eba05000-7f44eba06000 rw-p 00000000 00:00 0 
7f44eba06000-7f44eba07000 r--p 00021000 08:04 3539518                    /usr/lib64/ld-2.17.so
7f44eba07000-7f44eba08000 rw-p 00022000 08:04 3539518                    /usr/lib64/ld-2.17.so
7f44eba08000-7f44eba09000 rw-p 00000000 00:00 0 
7ffd13234000-7ffd13256000 rw-p 00000000 00:00 0                          [stack]
7ffd13267000-7ffd13269000 r-xp 00000000 00:00 0                          [vdso]
ffffffffff600000-ffffffffff601000 r-xp 00000000 00:00 0                  [vsyscall]

VM Arguments:
java_command: com.oracle.graal.python.shell.GraalPythonMain --polyglot --experimental-options --python.CoreHome=/home/users/alberto.parravicini/Documents/graalvm-ce-java8-20.0.0/jre/languages/python/lib-graalpython --python.StdLibHome=/home/users/alberto.parravicini/Documents/graalvm-ce-java8-20.0.0/jre/languages/python/lib-python/3 --python.SysPrefix=/home/users/alberto.parravicini/Documents/graalpython_venv --python.SysBasePrefix=/home/users/alberto.parravicini/Documents/graalvm-ce-java8-20.0.0/jre/languages/python --python.Executable=/home/users/alberto.parravicini/Documents/graalpython_venv/bin/graalpython --python.CAPI=/home/users/alberto.parravicini/Documents/graalvm-ce-java8-20.0.0/jre/languages/python/lib-graalpython --WithThread --WithJavaStacktrace --ExposeInternalSources pipeline_1.py
java_class_path (initial): /home/users/alberto.parravicini/Documents/graalvm-ce-java8-20.0.0/lib/installer/launcher-common.jar:/home/users/alberto.parravicini/Documents/graalvm-ce-java8-20.0.0/jre/lib/graalvm/graalpython-launcher.jar
Launcher Type: SUN_STANDARD

Environment Variables:
JAVA_HOME=/home/users/alberto.parravicini/Documents/openjdk1.8.0_242-jvmci-20.0-b02
PATH=/home/users/alberto.parravicini/Documents/graalpython_venv/bin:/home/users/alberto.parravicini/Documents/openjdk1.8.0_242-jvmci-20.0-b02/bin:/home/users/alberto.parravicini/Documents/graalvm-ce-java8-20.0.0/bin:/home/users/alberto.parravicini/Documents/mx:/sbin:/bin:/usr/bin:/usr/local/bin:/usr/local/sbin:/usr/sbin:/home/users/alberto.parravicini/.local/bin:/home/users/alberto.parravicini/bin:/home/users/alberto.parravicini/.local/bin:/home/users/alberto.parravicini/bin:/home/users/alberto.parravicini/.local/bin:/home/users/alberto.parravicini/bin:/usr/local/cuda/bin
SHELL=/bin/bash
DISPLAY=:10.0

Signal Handlers:
SIGSEGV: [libjvm.so+0xb32a50], sa_mask[0]=11111111011111111101111111111110, sa_flags=SA_RESTART|SA_SIGINFO
SIGBUS: [libjvm.so+0xb32a50], sa_mask[0]=11111111011111111101111111111110, sa_flags=SA_RESTART|SA_SIGINFO
SIGFPE: [libjvm.so+0x96d500], sa_mask[0]=11111111011111111101111111111110, sa_flags=SA_RESTART|SA_SIGINFO
SIGPIPE: SIG_IGN, sa_mask[0]=00000000000010000000000000000000, sa_flags=SA_RESTART
SIGXFSZ: [libjvm.so+0x96d500], sa_mask[0]=00000000000000000000000010000000, sa_flags=SA_RESTART, flags was changed from 0x10000004, consider using jsig library
SIGILL: [libjvm.so+0x96d500], sa_mask[0]=11111111011111111101111111111110, sa_flags=SA_RESTART|SA_SIGINFO
SIGUSR1: SIG_DFL, sa_mask[0]=00000000000000000000000000000000, sa_flags=none
SIGUSR2: [libjvm.so+0x96d3d0], sa_mask[0]=00000000000000000000000000000000, sa_flags=SA_RESTART|SA_SIGINFO
SIGHUP: [libjvm.so+0x96d9f0], sa_mask[0]=11111111011111111101111111111110, sa_flags=SA_RESTART|SA_SIGINFO
SIGINT: [libjvm.so+0x96d9f0], sa_mask[0]=01000000000000000000000000000000, sa_flags=SA_RESTART
SIGTERM: [libjvm.so+0x96d9f0], sa_mask[0]=00000000000000100000000000000000, sa_flags=SA_RESTART
SIGQUIT: [libjvm.so+0x96d9f0], sa_mask[0]=11111111011111111101111111111110, sa_flags=SA_RESTART|SA_SIGINFO


---------------  S Y S T E M  ---------------

OS:CentOS Linux release 7.6.1810 (Core) 

uname:Linux 3.10.0-957.1.3.el7.x86_64 #1 SMP Thu Nov 29 14:49:43 UTC 2018 x86_64
libc:glibc 2.17 NPTL 2.17 
rlimit: STACK 8192k, CORE 0k, NPROC 4096, NOFILE 4096, AS infinity
load average:0.77 1.24 1.17

/proc/meminfo:
MemTotal:       32717756 kB
MemFree:        14446816 kB
MemAvailable:   28020604 kB
Buffers:          520744 kB
Cached:         12988316 kB
SwapCached:            0 kB
Active:          9380864 kB
Inactive:        7889240 kB
Active(anon):    3768312 kB
Inactive(anon):    65220 kB
Active(file):    5612552 kB
Inactive(file):  7824020 kB
Unevictable:        7908 kB
Mlocked:            7908 kB
SwapTotal:      16450556 kB
SwapFree:       16450556 kB
Dirty:              5948 kB
Writeback:             0 kB
AnonPages:       3767532 kB
Mapped:           275844 kB
Shmem:             66184 kB
Slab:             602544 kB
SReclaimable:     543452 kB
SUnreclaim:        59092 kB
KernelStack:        9776 kB
PageTables:        38192 kB
NFS_Unstable:          0 kB
Bounce:                0 kB
WritebackTmp:          0 kB
CommitLimit:    32809432 kB
Committed_AS:    7081000 kB
VmallocTotal:   34359738367 kB
VmallocUsed:      386244 kB
VmallocChunk:   34358947836 kB
HardwareCorrupted:     0 kB
AnonHugePages:   2588672 kB
CmaTotal:              0 kB
CmaFree:               0 kB
HugePages_Total:       0
HugePages_Free:        0
HugePages_Rsvd:        0
HugePages_Surp:        0
Hugepagesize:       2048 kB
DirectMap4k:     3390696 kB
DirectMap2M:    22761472 kB
DirectMap1G:     7340032 kB

container (cgroup) information:
container_type: cgroupv1
cpu_cpuset_cpus: 0-7
cpu_memory_nodes: 0
active_processor_count: 8
cpu_quota: -1
cpu_period: 100000
cpu_shares: -1
memory_limit_in_bytes: -1
memory_and_swap_limit_in_bytes: -1
memory_soft_limit_in_bytes: -1
memory_usage_in_bytes: 17693765632
memory_max_usage_in_bytes: 0


CPU:total 8 (initial active 8) (4 cores per cpu, 2 threads per core) family 6 model 94 stepping 3, cmov, cx8, fxsr, mmx, sse, sse2, sse3, ssse3, sse4.1, sse4.2, popcnt, avx, avx2, aes, clmul, erms, rtm, 3dnowpref, lzcnt, ht, tsc, tscinvbit, bmi1, bmi2, adx

/proc/cpuinfo:
processor	: 0
vendor_id	: GenuineIntel
cpu family	: 6
model		: 94
model name	: Intel(R) Core(TM) i7-6700 CPU @ 3.40GHz
stepping	: 3
microcode	: 0xc6
cpu MHz		: 3753.820
cache size	: 8192 KB
physical id	: 0
siblings	: 8
core id		: 0
cpu cores	: 4
apicid		: 0
initial apicid	: 0
fpu		: yes
fpu_exception	: yes
cpuid level	: 22
wp		: yes
flags		: fpu vme de pse tsc msr pae mce cx8 apic sep mtrr pge mca cmov pat pse36 clflush dts acpi mmx fxsr sse sse2 ss ht tm pbe syscall nx pdpe1gb rdtscp lm constant_tsc art arch_perfmon pebs bts rep_good nopl xtopology nonstop_tsc aperfmperf eagerfpu pni pclmulqdq dtes64 monitor ds_cpl vmx smx est tm2 ssse3 sdbg fma cx16 xtpr pdcm pcid sse4_1 sse4_2 x2apic movbe popcnt tsc_deadline_timer aes xsave avx f16c rdrand lahf_lm abm 3dnowprefetch epb intel_pt ssbd ibrs ibpb stibp tpr_shadow vnmi flexpriority ept vpid fsgsbase tsc_adjust bmi1 hle avx2 smep bmi2 erms invpcid rtm mpx rdseed adx smap clflushopt xsaveopt xsavec xgetbv1 dtherm ida arat pln pts hwp hwp_notify hwp_act_window hwp_epp spec_ctrl intel_stibp flush_l1d
bogomips	: 6816.00
clflush size	: 64
cache_alignment	: 64
address sizes	: 39 bits physical, 48 bits virtual
power management:

processor	: 1
vendor_id	: GenuineIntel
cpu family	: 6
model		: 94
model name	: Intel(R) Core(TM) i7-6700 CPU @ 3.40GHz
stepping	: 3
microcode	: 0xc6
cpu MHz		: 3775.402
cache size	: 8192 KB
physical id	: 0
siblings	: 8
core id		: 1
cpu cores	: 4
apicid		: 2
initial apicid	: 2
fpu		: yes
fpu_exception	: yes
cpuid level	: 22
wp		: yes
flags		: fpu vme de pse tsc msr pae mce cx8 apic sep mtrr pge mca cmov pat pse36 clflush dts acpi mmx fxsr sse sse2 ss ht tm pbe syscall nx pdpe1gb rdtscp lm constant_tsc art arch_perfmon pebs bts rep_good nopl xtopology nonstop_tsc aperfmperf eagerfpu pni pclmulqdq dtes64 monitor ds_cpl vmx smx est tm2 ssse3 sdbg fma cx16 xtpr pdcm pcid sse4_1 sse4_2 x2apic movbe popcnt tsc_deadline_timer aes xsave avx f16c rdrand lahf_lm abm 3dnowprefetch epb intel_pt ssbd ibrs ibpb stibp tpr_shadow vnmi flexpriority ept vpid fsgsbase tsc_adjust bmi1 hle avx2 smep bmi2 erms invpcid rtm mpx rdseed adx smap clflushopt xsaveopt xsavec xgetbv1 dtherm ida arat pln pts hwp hwp_notify hwp_act_window hwp_epp spec_ctrl intel_stibp flush_l1d
bogomips	: 6816.00
clflush size	: 64
cache_alignment	: 64
address sizes	: 39 bits physical, 48 bits virtual
power management:

processor	: 2
vendor_id	: GenuineIntel
cpu family	: 6
model		: 94
model name	: Intel(R) Core(TM) i7-6700 CPU @ 3.40GHz
stepping	: 3
microcode	: 0xc6
cpu MHz		: 3701.733
cache size	: 8192 KB
physical id	: 0
siblings	: 8
core id		: 2
cpu cores	: 4
apicid		: 4
initial apicid	: 4
fpu		: yes
fpu_exception	: yes
cpuid level	: 22
wp		: yes
flags		: fpu vme de pse tsc msr pae mce cx8 apic sep mtrr pge mca cmov pat pse36 clflush dts acpi mmx fxsr sse sse2 ss ht tm pbe syscall nx pdpe1gb rdtscp lm constant_tsc art arch_perfmon pebs bts rep_good nopl xtopology nonstop_tsc aperfmperf eagerfpu pni pclmulqdq dtes64 monitor ds_cpl vmx smx est tm2 ssse3 sdbg fma cx16 xtpr pdcm pcid sse4_1 sse4_2 x2apic movbe popcnt tsc_deadline_timer aes xsave avx f16c rdrand lahf_lm abm 3dnowprefetch epb intel_pt ssbd ibrs ibpb stibp tpr_shadow vnmi flexpriority ept vpid fsgsbase tsc_adjust bmi1 hle avx2 smep bmi2 erms invpcid rtm mpx rdseed adx smap clflushopt xsaveopt xsavec xgetbv1 dtherm ida arat pln pts hwp hwp_notify hwp_act_window hwp_epp spec_ctrl intel_stibp flush_l1d
bogomips	: 6816.00
clflush size	: 64
cache_alignment	: 64
address sizes	: 39 bits physical, 48 bits virtual
power management:

processor	: 3
vendor_id	: GenuineIntel
cpu family	: 6
model		: 94
model name	: Intel(R) Core(TM) i7-6700 CPU @ 3.40GHz
stepping	: 3
microcode	: 0xc6
cpu MHz		: 3728.918
cache size	: 8192 KB
physical id	: 0
siblings	: 8
core id		: 3
cpu cores	: 4
apicid		: 6
initial apicid	: 6
fpu		: yes
fpu_exception	: yes
cpuid level	: 22
wp		: yes
flags		: fpu vme de pse tsc msr pae mce cx8 apic sep mtrr pge mca cmov pat pse36 clflush dts acpi mmx fxsr sse sse2 ss ht tm pbe syscall nx pdpe1gb rdtscp lm constant_tsc art arch_perfmon pebs bts rep_good nopl xtopology nonstop_tsc aperfmperf eagerfpu pni pclmulqdq dtes64 monitor ds_cpl vmx smx est tm2 ssse3 sdbg fma cx16 xtpr pdcm pcid sse4_1 sse4_2 x2apic movbe popcnt tsc_deadline_timer aes xsave avx f16c rdrand lahf_lm abm 3dnowprefetch epb intel_pt ssbd ibrs ibpb stibp tpr_shadow vnmi flexpriority ept vpid fsgsbase tsc_adjust bmi1 hle avx2 smep bmi2 erms invpcid rtm mpx rdseed adx smap clflushopt xsaveopt xsavec xgetbv1 dtherm ida arat pln pts hwp hwp_notify hwp_act_window hwp_epp spec_ctrl intel_stibp flush_l1d
bogomips	: 6816.00
clflush size	: 64
cache_alignment	: 64
address sizes	: 39 bits physical, 48 bits virtual
power management:

processor	: 4
vendor_id	: GenuineIntel
cpu family	: 6
model		: 94
model name	: Intel(R) Core(TM) i7-6700 CPU @ 3.40GHz
stepping	: 3
microcode	: 0xc6
cpu MHz		: 3700.073
cache size	: 8192 KB
physical id	: 0
siblings	: 8
core id		: 0
cpu cores	: 4
apicid		: 1
initial apicid	: 1
fpu		: yes
fpu_exception	: yes
cpuid level	: 22
wp		: yes
flags		: fpu vme de pse tsc msr pae mce cx8 apic sep mtrr pge mca cmov pat pse36 clflush dts acpi mmx fxsr sse sse2 ss ht tm pbe syscall nx pdpe1gb rdtscp lm constant_tsc art arch_perfmon pebs bts rep_good nopl xtopology nonstop_tsc aperfmperf eagerfpu pni pclmulqdq dtes64 monitor ds_cpl vmx smx est tm2 ssse3 sdbg fma cx16 xtpr pdcm pcid sse4_1 sse4_2 x2apic movbe popcnt tsc_deadline_timer aes xsave avx f16c rdrand lahf_lm abm 3dnowprefetch epb intel_pt ssbd ibrs ibpb stibp tpr_shadow vnmi flexpriority ept vpid fsgsbase tsc_adjust bmi1 hle avx2 smep bmi2 erms invpcid rtm mpx rdseed adx smap clflushopt xsaveopt xsavec xgetbv1 dtherm ida arat pln pts hwp hwp_notify hwp_act_window hwp_epp spec_ctrl intel_stibp flush_l1d
bogomips	: 6816.00
clflush size	: 64
cache_alignment	: 64
address sizes	: 39 bits physical, 48 bits virtual
power management:

processor	: 5
vendor_id	: GenuineIntel
cpu family	: 6
model		: 94
model name	: Intel(R) Core(TM) i7-6700 CPU @ 3.40GHz
stepping	: 3
microcode	: 0xc6
cpu MHz		: 3700.903
cache size	: 8192 KB
physical id	: 0
siblings	: 8
core id		: 1
cpu cores	: 4
apicid		: 3
initial apicid	: 3
fpu		: yes
fpu_exception	: yes
cpuid level	: 22
wp		: yes
flags		: fpu vme de pse tsc msr pae mce cx8 apic sep mtrr pge mca cmov pat pse36 clflush dts acpi mmx fxsr sse sse2 ss ht tm pbe syscall nx pdpe1gb rdtscp lm constant_tsc art arch_perfmon pebs bts rep_good nopl xtopology nonstop_tsc aperfmperf eagerfpu pni pclmulqdq dtes64 monitor ds_cpl vmx smx est tm2 ssse3 sdbg fma cx16 xtpr pdcm pcid sse4_1 sse4_2 x2apic movbe popcnt tsc_deadline_timer aes xsave avx f16c rdrand lahf_lm abm 3dnowprefetch epb intel_pt ssbd ibrs ibpb stibp tpr_shadow vnmi flexpriority ept vpid fsgsbase tsc_adjust bmi1 hle avx2 smep bmi2 erms invpcid rtm mpx rdseed adx smap clflushopt xsaveopt xsavec xgetbv1 dtherm ida arat pln pts hwp hwp_notify hwp_act_window hwp_epp spec_ctrl intel_stibp flush_l1d
bogomips	: 6816.00
clflush size	: 64
cache_alignment	: 64
address sizes	: 39 bits physical, 48 bits virtual
power management:

processor	: 6
vendor_id	: GenuineIntel
cpu family	: 6
model		: 94
model name	: Intel(R) Core(TM) i7-6700 CPU @ 3.40GHz
stepping	: 3
microcode	: 0xc6
cpu MHz		: 3705.261
cache size	: 8192 KB
physical id	: 0
siblings	: 8
core id		: 2
cpu cores	: 4
apicid		: 5
initial apicid	: 5
fpu		: yes
fpu_exception	: yes
cpuid level	: 22
wp		: yes
flags		: fpu vme de pse tsc msr pae mce cx8 apic sep mtrr pge mca cmov pat pse36 clflush dts acpi mmx fxsr sse sse2 ss ht tm pbe syscall nx pdpe1gb rdtscp lm constant_tsc art arch_perfmon pebs bts rep_good nopl xtopology nonstop_tsc aperfmperf eagerfpu pni pclmulqdq dtes64 monitor ds_cpl vmx smx est tm2 ssse3 sdbg fma cx16 xtpr pdcm pcid sse4_1 sse4_2 x2apic movbe popcnt tsc_deadline_timer aes xsave avx f16c rdrand lahf_lm abm 3dnowprefetch epb intel_pt ssbd ibrs ibpb stibp tpr_shadow vnmi flexpriority ept vpid fsgsbase tsc_adjust bmi1 hle avx2 smep bmi2 erms invpcid rtm mpx rdseed adx smap clflushopt xsaveopt xsavec xgetbv1 dtherm ida arat pln pts hwp hwp_notify hwp_act_window hwp_epp spec_ctrl intel_stibp flush_l1d
bogomips	: 6816.00
clflush size	: 64
cache_alignment	: 64
address sizes	: 39 bits physical, 48 bits virtual
power management:

processor	: 7
vendor_id	: GenuineIntel
cpu family	: 6
model		: 94
model name	: Intel(R) Core(TM) i7-6700 CPU @ 3.40GHz
stepping	: 3
microcode	: 0xc6
cpu MHz		: 3791.174
cache size	: 8192 KB
physical id	: 0
siblings	: 8
core id		: 3
cpu cores	: 4
apicid		: 7
initial apicid	: 7
fpu		: yes
fpu_exception	: yes
cpuid level	: 22
wp		: yes
flags		: fpu vme de pse tsc msr pae mce cx8 apic sep mtrr pge mca cmov pat pse36 clflush dts acpi mmx fxsr sse sse2 ss ht tm pbe syscall nx pdpe1gb rdtscp lm constant_tsc art arch_perfmon pebs bts rep_good nopl xtopology nonstop_tsc aperfmperf eagerfpu pni pclmulqdq dtes64 monitor ds_cpl vmx smx est tm2 ssse3 sdbg fma cx16 xtpr pdcm pcid sse4_1 sse4_2 x2apic movbe popcnt tsc_deadline_timer aes xsave avx f16c rdrand lahf_lm abm 3dnowprefetch epb intel_pt ssbd ibrs ibpb stibp tpr_shadow vnmi flexpriority ept vpid fsgsbase tsc_adjust bmi1 hle avx2 smep bmi2 erms invpcid rtm mpx rdseed adx smap clflushopt xsaveopt xsavec xgetbv1 dtherm ida arat pln pts hwp hwp_notify hwp_act_window hwp_epp spec_ctrl intel_stibp flush_l1d
bogomips	: 6816.00
clflush size	: 64
cache_alignment	: 64
address sizes	: 39 bits physical, 48 bits virtual
power management:



Memory: 4k page, physical 32717756k(14446816k free), swap 16450556k(16450556k free)

vm_info: OpenJDK 64-Bit Server VM GraalVM CE 20.0.0 (25.242-b06-jvmci-20.0-b02) for linux-amd64 JRE (8u242), built on Jan 20 2020 20:45:17 by "buildslave" with gcc 7.3.0

time: Mon Apr 20 17:25:19 2020
timezone: CEST
elapsed time: 4 seconds (0d 0h 0m 4s)

